Log file open, 05/14/17 15:00:43
LogInit:Display: Running engine for game: fs2ue
LogPlatformFile: Not using cached read wrapper
LogInit:Display: RandInit(1847207571) SRandInit(1847207571).
LogTaskGraph: Started task graph with 5 named threads and 8 total threads with 1 sets of task threads.
LogStats: Stats thread started at 0.068541
LogInit: Using libcurl 7.47.1
LogInit:  - built for x86_64-pc-win32
LogInit:  - supports SSL with OpenSSL/1.0.2g
LogInit:  - supports HTTP deflate (compression) using libz 1.2.8
LogInit:  - other features:
LogInit:      CURL_VERSION_SSL
LogInit:      CURL_VERSION_LIBZ
LogInit:      CURL_VERSION_IPV6
LogInit:      CURL_VERSION_ASYNCHDNS
LogInit:      CURL_VERSION_LARGEFILE
LogInit:      CURL_VERSION_IDN
LogInit:  CurlRequestOptions (configurable via config and command line):
LogInit:  - bVerifyPeer = false  - Libcurl will NOT verify peer certificate
LogInit:  - bUseHttpProxy = false  - Libcurl will NOT use HTTP proxy
LogInit:  - bDontReuseConnections = false  - Libcurl will reuse connections
LogInit:  - CertBundlePath = nullptr  - Libcurl will use whatever was configured at build time.
OCULUS: Info: [CAPI] LibOVR module is located at C:\Program Files\Oculus\Support\oculus-runtime\LibOVRRT64_1.dll
OCULUS: Debug: Connected to the server running version (prod = 1).1.14.0(build = 378771) feature version = 0. Client runs version (prod = 1).1.14.0(build = 378771) feature version = 0
LogHMD: GearVR: Emulating GearVR using Oculus Rift!
LogInit: Build: ++UE4+Release-4.15-CL-3416026
LogInit: Engine Version: 4.15.2-3416026+++UE4+Release-4.15
LogInit: Compatible Engine Version: 4.15.0-3299760+++UE4+Release-4.15
LogInit: Net CL: 3299760
LogDevObjectVersion: Number of dev versions registered: 14
LogDevObjectVersion:   Dev-Blueprints (B0D832E4-1F89-4F0D-ACCF-7EB736FD4AA2): 8
LogDevObjectVersion:   Dev-Build (E1C64328-A22C-4D53-A36C-8E866417BD8C): 0
LogDevObjectVersion:   Dev-Core (375EC13C-06E4-48FB-B500-84F0262A717E): 2
LogDevObjectVersion:   Dev-Editor (E4B068ED-F494-42E9-A231-DA0B2E46BB41): 14
LogDevObjectVersion:   Dev-Framework (CFFC743F-43B0-4480-9391-14DF171D2073): 22
LogDevObjectVersion:   Dev-Mobile (B02B49B5-BB20-44E9-A304-32B752E40360): 0
LogDevObjectVersion:   Dev-Networking (A4E4105C-59A1-49B5-A7C5-40C4547EDFEE): 0
LogDevObjectVersion:   Dev-Online (39C831C9-5AE6-47DC-9A44-9C173E1C8E7C): 0
LogDevObjectVersion:   Dev-Physics (78F01B33-EBEA-4F98-B9B4-84EACCB95AA2): 0
LogDevObjectVersion:   Dev-Platform (6631380F-2D4D-43E0-8009-CF276956A95A): 0
LogDevObjectVersion:   Dev-Rendering (12F88B9F-8875-4AFC-A67C-D90C383ABD29): 12
LogDevObjectVersion:   Dev-Sequencer (7B5AE74C-D270-4C10-A958-57980B212A5A): 3
LogDevObjectVersion:   Dev-VR (D7296918-1DD6-4BDD-9DE2-64A83CC13884): 0
LogDevObjectVersion:   Dev-LoadTimes (C2A15278-BFE7-4AFE-6C17-90FF531DF755): 1
LogInit: Compiled (64-bit): May  1 2017 13:11:28
LogInit: Compiled with Visual C++: 19.00.23026.00
LogInit: Build Configuration: Development
LogInit: Branch Name: ++UE4+Release-4.15
LogInit: Command line: -EpicPortal 
LogInit: Base directory: D:/dev/Installs/Epic Games/UE_4.15/Engine/Binaries/Win64/
LogInit: Installed Engine Build: 1
LogInit: Presizing for max 8388607 objects, including 0 objects not considered by GC, pre-allocating 0 bytes for permanent pool.
LogInit: Object subsystem initialized
[2017.05.14-14.00.45:414][  0]LogInit: Selected Device Profile: [Windows]
[2017.05.14-14.00.45:414][  0]LogInit: Applying CVar settings loaded from the selected device profile: [Windows]
[2017.05.14-14.00.45:476][  0]LogInit: Computer: THOMAS
[2017.05.14-14.00.45:476][  0]LogInit: User: Tom
[2017.05.14-14.00.45:476][  0]LogInit: CPU Page size=65536, Cores=4
[2017.05.14-14.00.45:476][  0]LogInit: High frequency timer resolution =3.320310 MHz
[2017.05.14-14.00.45:477][  0]LogMemory: Memory total: Physical=7.9GB (8GB approx)
[2017.05.14-14.00.45:477][  0]LogMemory: Platform Memory Stats for Windows
[2017.05.14-14.00.45:477][  0]LogMemory: Process Physical Memory: 267.91 MB used, 267.91 MB peak
[2017.05.14-14.00.45:477][  0]LogMemory: Process Virtual Memory: 265.89 MB used, 265.89 MB peak
[2017.05.14-14.00.45:477][  0]LogMemory: Physical Memory: 5458.63 MB used,  2669.98 MB free, 8128.61 MB total
[2017.05.14-14.00.45:477][  0]LogMemory: Virtual Memory: 681.57 MB used,  2669.98 MB free, 134217728.00 MB total
[2017.05.14-14.00.45:530][  0]LogTextLocalizationManager: No specific translations for ('en-GB') exist, so ('en') translations will be used.
[2017.05.14-14.00.46:104][  0]LogD3D11RHI: D3D11 adapters:
[2017.05.14-14.00.46:175][  0]LogD3D11RHI:    0. 'NVIDIA GeForce GTX 970' (Feature Level 11_0)
[2017.05.14-14.00.46:175][  0]LogD3D11RHI:       4058/0/4064 MB DedicatedVideo/DedicatedSystem/SharedSystem, Outputs:1, VendorId:0x10de
[2017.05.14-14.00.46:176][  0]LogD3D11RHI:    1. 'Microsoft Basic Render Driver' (Feature Level 11_0)
[2017.05.14-14.00.46:176][  0]LogD3D11RHI:       0/0/4064 MB DedicatedVideo/DedicatedSystem/SharedSystem, Outputs:0, VendorId:0x1414
[2017.05.14-14.00.46:176][  0]LogD3D11RHI: Chosen D3D11 Adapter: 0
[2017.05.14-14.00.46:181][  0]LogD3D11RHI: Creating new Direct3DDevice
[2017.05.14-14.00.46:181][  0]LogD3D11RHI:     GPU DeviceId: 0x13c2 (for the marketing name, search the web for "GPU Device Id")
[2017.05.14-14.00.46:181][  0]LogWindows: EnumDisplayDevices:
[2017.05.14-14.00.46:181][  0]LogWindows:    0. 'NVIDIA GeForce GTX 970' (P:1 D:1)
[2017.05.14-14.00.46:181][  0]LogWindows:    1. 'NVIDIA GeForce GTX 970' (P:0 D:0)
[2017.05.14-14.00.46:181][  0]LogWindows:    2. 'NVIDIA GeForce GTX 970' (P:0 D:0)
[2017.05.14-14.00.46:182][  0]LogWindows:    3. 'NVIDIA GeForce GTX 970' (P:0 D:0)
[2017.05.14-14.00.46:182][  0]LogWindows: DebugString: FoundDriverCount:4 
[2017.05.14-14.00.46:182][  0]LogD3D11RHI:     Adapter Name: NVIDIA GeForce GTX 970
[2017.05.14-14.00.46:182][  0]LogD3D11RHI:   Driver Version: 376.53 (internal:21.21.13.7653, unified:376.53)
[2017.05.14-14.00.46:182][  0]LogD3D11RHI:      Driver Date: 12-29-2016
[2017.05.14-14.00.46:182][  0]LogRHI: Texture pool is 1361 MB (70% of 1945 MB)
[2017.05.14-14.00.46:196][  0]LogD3D11RHI: [Aftermath] Aftermath enabled but failed to initialize due to reason: DriverVersionNotSupported
[2017.05.14-14.00.46:196][  0]LogD3D11RHI: Async texture creation enabled
[2017.05.14-14.00.46:206][  0]LogD3D11RHI: GPU Timing Frequency: 1000.000000 (Debug: 2 1)
[2017.05.14-14.00.46:255][  0]LogShaderCompilers: Guid format shader working directory is 24 characters bigger than the processId version (../../../../../../GIT/fs2ue/fs2ue/Intermediate/Shaders/WorkingDirectory/7964/).
[2017.05.14-14.00.46:255][  0]LogShaderCompilers: Cleaned the shader compiler working directory 'C:/Users/Thomas Whittaker/AppData/Local/Temp/UnrealShaderWorkingDir/D1F0492C4778EDC4A5E6E78CC9B3DB40/'.
[2017.05.14-14.00.46:255][  0]LogShaderCompilers:Display: Using Local Shader Compiler.
[2017.05.14-14.00.47:217][  0]LogTemp:Display: Loaded TP AllDesktopTargetPlatform
[2017.05.14-14.00.47:268][  0]LogTemp:Display: Loaded TP MacClientTargetPlatform
[2017.05.14-14.00.47:319][  0]LogTemp:Display: Loaded TP MacNoEditorTargetPlatform
[2017.05.14-14.00.47:369][  0]LogTemp:Display: Loaded TP MacServerTargetPlatform
[2017.05.14-14.00.47:408][  0]LogTemp:Display: Loaded TP MacTargetPlatform
[2017.05.14-14.00.47:484][  0]LogTemp:Display: Loaded TP WindowsClientTargetPlatform
[2017.05.14-14.00.47:523][  0]LogTemp:Display: Loaded TP WindowsNoEditorTargetPlatform
[2017.05.14-14.00.47:561][  0]LogTemp:Display: Loaded TP WindowsServerTargetPlatform
[2017.05.14-14.00.47:600][  0]LogTemp:Display: Loaded TP WindowsTargetPlatform
[2017.05.14-14.00.47:637][  0]LogTemp:Display: Loaded TP AndroidTargetPlatform
[2017.05.14-14.00.47:679][  0]LogTemp:Display: Loaded TP Android_ASTCTargetPlatform
[2017.05.14-14.00.47:720][  0]LogTemp:Display: Loaded TP Android_ATCTargetPlatform
[2017.05.14-14.00.47:758][  0]LogTemp:Display: Loaded TP Android_DXTTargetPlatform
[2017.05.14-14.00.47:795][  0]LogTemp:Display: Loaded TP Android_ETC1TargetPlatform
[2017.05.14-14.00.47:837][  0]LogTemp:Display: Loaded TP Android_ETC2TargetPlatform
[2017.05.14-14.00.47:914][  0]LogTemp:Display: Loaded TP Android_MultiTargetPlatform
[2017.05.14-14.00.47:914][  0]LogTemp:Display: Loaded TP Android_PVRTCTargetPlatform
[2017.05.14-14.00.47:937][  0]LogTemp:Display: Loaded TP HTML5TargetPlatform
[2017.05.14-14.00.48:009][  0]LogTemp:Display: Loaded TP IOSTargetPlatform
[2017.05.14-14.00.48:035][  0]LogTemp:Display: Loaded TP TVOSTargetPlatform
[2017.05.14-14.00.48:072][  0]LogTemp:Display: Loaded TP LinuxClientTargetPlatform
[2017.05.14-14.00.48:110][  0]LogTemp:Display: Loaded TP LinuxNoEditorTargetPlatform
[2017.05.14-14.00.48:150][  0]LogTemp:Display: Loaded TP LinuxServerTargetPlatform
[2017.05.14-14.00.48:188][  0]LogTemp:Display: Loaded TP LinuxTargetPlatform
[2017.05.14-14.00.48:188][  0]LogTargetPlatformManager:Display: Building Assets For Windows
[2017.05.14-14.00.48:472][  0]LogDerivedDataCache:Display: Max Cache Size: 512 MB
[2017.05.14-14.00.48:522][  0]LogDerivedDataCache: Loaded boot cache 0.05s 52MB C:/Users/Thomas Whittaker/AppData/Local/UnrealEngine/4.15/DerivedDataCache/Boot.ddc.
[2017.05.14-14.00.48:522][  0]LogDerivedDataCache:Display: Loaded Boot cache: C:/Users/Thomas Whittaker/AppData/Local/UnrealEngine/4.15/DerivedDataCache/Boot.ddc
[2017.05.14-14.00.48:522][  0]LogDerivedDataCache: FDerivedDataBackendGraph:  Pak pak cache file ../../../../../../GIT/fs2ue/fs2ue/DerivedDataCache/DDC.ddp not found, will not use a pak cache.
[2017.05.14-14.00.48:522][  0]LogDerivedDataCache: Unable to find inner node Pak for hierarchical cache Hierarchy.
[2017.05.14-14.00.48:522][  0]LogDerivedDataCache: FDerivedDataBackendGraph:  CompressedPak pak cache file ../../../../../../GIT/fs2ue/fs2ue/DerivedDataCache/Compressed.ddp not found, will not use a pak cache.
[2017.05.14-14.00.48:522][  0]LogDerivedDataCache: Unable to find inner node CompressedPak for hierarchical cache Hierarchy.
[2017.05.14-14.00.48:539][  0]LogDerivedDataCache:Display: Pak cache opened for reading ../../../Engine/DerivedDataCache/Compressed.ddp.
[2017.05.14-14.00.48:551][  0]LogDerivedDataCache: Using Local data cache path C:/Users/Thomas Whittaker/AppData/Local/UnrealEngine/Common/DerivedDataCache: Writable
[2017.05.14-14.00.48:560][  0]LogSlate: Using Freetype 2.6.0
[2017.05.14-14.00.48:560][  0]LogSlate: SlateFontCache - WITH_FREETYPE: 1, WITH_HARFBUZZ: 1
[2017.05.14-14.00.48:560][  0]LogSlate: SlateFontCache - WITH_FREETYPE: 1, WITH_HARFBUZZ: 1
[2017.05.14-14.00.48:797][  0]LogInit: Selected Device Profile: [Windows]
[2017.05.14-14.00.48:799][  0]LogContentStreaming: Texture pool size is 0.00 MB
[2017.05.14-14.00.48:957][  0]LogMeshUtilities: Using QuadricMeshReduction for automatic static mesh reduction
[2017.05.14-14.00.48:986][  0]LogSimplygon: Simplygon DLL not present - disabling.
[2017.05.14-14.00.49:016][  0]LogMeshUtilities: Using SimplygonSwarm for distributed automatic mesh merging
[2017.05.14-14.00.49:016][  0]LogMeshUtilities: No automatic skeletal mesh reduction module available
[2017.05.14-14.00.49:016][  0]LogMeshUtilities: No automatic mesh merging module available
[2017.05.14-14.00.49:483][  0]LogNetVersion: GetLocalNetworkVersion: CL: 3299760, ProjectName: fs2ue, ProjectVersion: , EngineNetworkVersion: 2, GameNetworkVersion: 0, NetworkChecksum: 3513131400
[2017.05.14-14.00.49:520][  0]LogAssetRegistry: FAssetRegistry took 0.0215 seconds to start up
[2017.05.14-14.00.49:552][  0]LogPackageLocalizationCache: Processed 3 localized package path(s) for 2 prioritized culture(s) in 0.018875 seconds
[2017.05.14-14.00.49:558][  0]LogUObjectArray: 32493 objects as part of root set at end of initial load.
[2017.05.14-14.00.49:558][  0]LogUObjectAllocator: 7077024 out of 0 bytes used by permanent object pool.
[2017.05.14-14.00.49:558][  0]LogUObjectArray: CloseDisregardForGC: 0/0 objects in disregard for GC pool
[2017.05.14-14.00.49:598][  0]LogInit: WinSock: version 1.1 (2.2), MaxSocks=32767, MaxUdp=65467
[2017.05.14-14.00.50:815][  0]LogTcpMessaging: Initializing TcpMessaging bridge
[2017.05.14-14.00.50:863][  0]LogUdpMessaging: Initializing bridge on interface 0.0.0.0:0 to multicast group 230.0.0.1:6666.
[2017.05.14-14.00.51:202][  0]LogMaterial: Uniform references updated for custom material expression Custom.
[2017.05.14-14.00.51:453][  0]SourceControl: Info Source control is disabled
[2017.05.14-14.00.51:454][  0]SourceControl: Info Source control is disabled
[2017.05.14-14.00.51:483][  0]SourceControl: Info Source control is disabled
[2017.05.14-14.00.51:546][  0]SourceControl: Info Source control is disabled
[2017.05.14-14.00.52:511][  0]LogEngine: Initializing Engine...
[2017.05.14-14.00.52:543][  0]LogHMD: Failed to initialize OpenVR with code 108
[2017.05.14-14.00.52:543][  0]LogHMD: Oculus plugin initialized. Version: 4.15.2-3416026+++UE4+Release-4.15, LibOVR: 1.14.0, SDK: 1.10.0, built May  1 2017, 13:17:57
[2017.05.14-14.00.52:636][  0]LogStats: UGameplayTagsManager::ConstructGameplayTagTree: Construct from data asset -  0.000 s
[2017.05.14-14.00.52:636][  0]LogStats: UGameplayTagsManager::ConstructGameplayTagTree: GameplayTagTreeChangedEvent.Broadcast -  0.000 s
[2017.05.14-14.00.52:723][  0]LogAIModule: Creating AISystem for world Untitled
[2017.05.14-14.00.52:731][  0]LogInit: XAudio2 using 'Speakers (Realtek High Definition Audio)' : 2 channels at 48 kHz using 32 bits per sample (channel mask 0x3)
[2017.05.14-14.00.52:741][  0]LogInit: FAudioDevice initialized.
[2017.05.14-14.00.52:765][  0]LogDerivedDataCache: Saved boot cache 0.02s 52MB C:/Users/Thomas Whittaker/AppData/Local/UnrealEngine/4.15/DerivedDataCache/Boot.ddc.
[2017.05.14-14.00.52:770][  0]LogInit: Texture streaming: Enabled
[2017.05.14-14.00.52:830][  0]LogEngineSessionManager: EngineSessionManager initialized
[2017.05.14-14.00.52:908][  0]LogInit: Transaction tracking system initialized
[2017.05.14-14.00.53:182][  0]BlueprintLog: New page: Editor Load
[2017.05.14-14.00.53:988][  0]LocalizationService: Info Localization service is disabled
[2017.05.14-14.00.54:434][  0]LogConsoleResponse:Display: 
[2017.05.14-14.00.54:690][  0]LogFileCache: Scanning file cache for directory 'D:/dev/GIT/fs2ue/fs2ue/Content/' took 0.01s
[2017.05.14-14.00.54:690][  0]LogCook:Display: Max memory allowance for cook 16384mb min free memory 0mb
[2017.05.14-14.00.54:690][  0]LogCook:Display: Mobile HDR setting 1
[2017.05.14-14.00.55:398][  0]SourceControl: Info Source control is disabled
[2017.05.14-14.00.55:634][  0]LogFactory: FactoryCreateFile: PackFactory with PackFactory (0 0 D:/dev/Installs/Epic Games/UE_4.15/FeaturePacks/StarterContent.upack)
[2017.05.14-14.00.56:049][  0]LogPackFactory: Finished extracting 8 files (including 0 errors).
[2017.05.14-14.00.56:142][  0]LogPackFactory: Copied "../../../Samples/StarterContent/Content/StarterContent/Architecture/Floor_400x400.uasset" to "../../../../../../GIT/fs2ue/fs2ue/Content/StarterContent/Architecture/Floor_400x400.uasset"
[2017.05.14-14.00.56:185][  0]LogPackFactory: Copied "../../../Samples/StarterContent/Content/StarterContent/Architecture/Pillar_50x500.uasset" to "../../../../../../GIT/fs2ue/fs2ue/Content/StarterContent/Architecture/Pillar_50x500.uasset"
[2017.05.14-14.00.56:205][  0]LogPackFactory: Copied "../../../Samples/StarterContent/Content/StarterContent/Architecture/SM_AssetPlatform.uasset" to "../../../../../../GIT/fs2ue/fs2ue/Content/StarterContent/Architecture/SM_AssetPlatform.uasset"
[2017.05.14-14.00.56:228][  0]LogPackFactory: Copied "../../../Samples/StarterContent/Content/StarterContent/Architecture/Wall_400x200.uasset" to "../../../../../../GIT/fs2ue/fs2ue/Content/StarterContent/Architecture/Wall_400x200.uasset"
[2017.05.14-14.00.56:252][  0]LogPackFactory: Copied "../../../Samples/StarterContent/Content/StarterContent/Architecture/Wall_400x300.uasset" to "../../../../../../GIT/fs2ue/fs2ue/Content/StarterContent/Architecture/Wall_400x300.uasset"
[2017.05.14-14.00.56:290][  0]LogPackFactory: Copied "../../../Samples/StarterContent/Content/StarterContent/Architecture/Wall_400x400.uasset" to "../../../../../../GIT/fs2ue/fs2ue/Content/StarterContent/Architecture/Wall_400x400.uasset"
[2017.05.14-14.00.56:320][  0]LogPackFactory: Copied "../../../Samples/StarterContent/Content/StarterContent/Architecture/Wall_500x500.uasset" to "../../../../../../GIT/fs2ue/fs2ue/Content/StarterContent/Architecture/Wall_500x500.uasset"
[2017.05.14-14.00.56:335][  0]LogPackFactory: Copied "../../../Samples/StarterContent/Content/StarterContent/Architecture/Wall_Door_400x300.uasset" to "../../../../../../GIT/fs2ue/fs2ue/Content/StarterContent/Architecture/Wall_Door_400x300.uasset"
[2017.05.14-14.00.56:408][  0]LogPackFactory: Copied "../../../Samples/StarterContent/Content/StarterContent/Architecture/Wall_Door_400x400.uasset" to "../../../../../../GIT/fs2ue/fs2ue/Content/StarterContent/Architecture/Wall_Door_400x400.uasset"
[2017.05.14-14.00.56:445][  0]LogPackFactory: Copied "../../../Samples/StarterContent/Content/StarterContent/Architecture/Wall_Window_400x300.uasset" to "../../../../../../GIT/fs2ue/fs2ue/Content/StarterContent/Architecture/Wall_Window_400x300.uasset"
[2017.05.14-14.00.56:460][  0]LogPackFactory: Copied "../../../Samples/StarterContent/Content/StarterContent/Architecture/Wall_Window_400x400.uasset" to "../../../../../../GIT/fs2ue/fs2ue/Content/StarterContent/Architecture/Wall_Window_400x400.uasset"
[2017.05.14-14.00.56:479][  0]LogPackFactory: Copied "../../../Samples/StarterContent/Content/StarterContent/Audio/Collapse01.uasset" to "../../../../../../GIT/fs2ue/fs2ue/Content/StarterContent/Audio/Collapse01.uasset"
[2017.05.14-14.00.56:516][  0]LogPackFactory: Copied "../../../Samples/StarterContent/Content/StarterContent/Audio/Collapse02.uasset" to "../../../../../../GIT/fs2ue/fs2ue/Content/StarterContent/Audio/Collapse02.uasset"
[2017.05.14-14.00.56:586][  0]LogPackFactory: Copied "../../../Samples/StarterContent/Content/StarterContent/Audio/Collapse_Cue.uasset" to "../../../../../../GIT/fs2ue/fs2ue/Content/StarterContent/Audio/Collapse_Cue.uasset"
[2017.05.14-14.00.56:604][  0]LogPackFactory: Copied "../../../Samples/StarterContent/Content/StarterContent/Audio/Explosion01.uasset" to "../../../../../../GIT/fs2ue/fs2ue/Content/StarterContent/Audio/Explosion01.uasset"
[2017.05.14-14.00.56:632][  0]LogPackFactory: Copied "../../../Samples/StarterContent/Content/StarterContent/Audio/Explosion02.uasset" to "../../../../../../GIT/fs2ue/fs2ue/Content/StarterContent/Audio/Explosion02.uasset"
[2017.05.14-14.00.56:695][  0]LogPackFactory: Copied "../../../Samples/StarterContent/Content/StarterContent/Audio/Explosion_Cue.uasset" to "../../../../../../GIT/fs2ue/fs2ue/Content/StarterContent/Audio/Explosion_Cue.uasset"
[2017.05.14-14.00.56:793][  0]LogPackFactory: Copied "../../../Samples/StarterContent/Content/StarterContent/Audio/Fire01.uasset" to "../../../../../../GIT/fs2ue/fs2ue/Content/StarterContent/Audio/Fire01.uasset"
[2017.05.14-14.00.56:828][  0]LogPackFactory: Copied "../../../Samples/StarterContent/Content/StarterContent/Audio/Fire01_Cue.uasset" to "../../../../../../GIT/fs2ue/fs2ue/Content/StarterContent/Audio/Fire01_Cue.uasset"
[2017.05.14-14.00.56:933][  0]LogPackFactory: Copied "../../../Samples/StarterContent/Content/StarterContent/Audio/Fire_Sparks01.uasset" to "../../../../../../GIT/fs2ue/fs2ue/Content/StarterContent/Audio/Fire_Sparks01.uasset"
[2017.05.14-14.00.56:984][  0]LogPackFactory: Copied "../../../Samples/StarterContent/Content/StarterContent/Audio/Fire_Sparks01_Cue.uasset" to "../../../../../../GIT/fs2ue/fs2ue/Content/StarterContent/Audio/Fire_Sparks01_Cue.uasset"
[2017.05.14-14.00.57:029][  0]LogPackFactory: Copied "../../../Samples/StarterContent/Content/StarterContent/Audio/Light01.uasset" to "../../../../../../GIT/fs2ue/fs2ue/Content/StarterContent/Audio/Light01.uasset"
[2017.05.14-14.00.57:062][  0]LogPackFactory: Copied "../../../Samples/StarterContent/Content/StarterContent/Audio/Light01_Cue.uasset" to "../../../../../../GIT/fs2ue/fs2ue/Content/StarterContent/Audio/Light01_Cue.uasset"
[2017.05.14-14.00.57:090][  0]LogPackFactory: Copied "../../../Samples/StarterContent/Content/StarterContent/Audio/Light02.uasset" to "../../../../../../GIT/fs2ue/fs2ue/Content/StarterContent/Audio/Light02.uasset"
[2017.05.14-14.00.57:111][  0]LogPackFactory: Copied "../../../Samples/StarterContent/Content/StarterContent/Audio/Light02_Cue.uasset" to "../../../../../../GIT/fs2ue/fs2ue/Content/StarterContent/Audio/Light02_Cue.uasset"
[2017.05.14-14.00.57:170][  0]LogPackFactory: Copied "../../../Samples/StarterContent/Content/StarterContent/Audio/Smoke01.uasset" to "../../../../../../GIT/fs2ue/fs2ue/Content/StarterContent/Audio/Smoke01.uasset"
[2017.05.14-14.00.57:228][  0]LogPackFactory: Copied "../../../Samples/StarterContent/Content/StarterContent/Audio/Smoke01_Cue.uasset" to "../../../../../../GIT/fs2ue/fs2ue/Content/StarterContent/Audio/Smoke01_Cue.uasset"
[2017.05.14-14.00.57:252][  0]LogPackFactory: Copied "../../../Samples/StarterContent/Content/StarterContent/Audio/Starter_Background_Cue.uasset" to "../../../../../../GIT/fs2ue/fs2ue/Content/StarterContent/Audio/Starter_Background_Cue.uasset"
[2017.05.14-14.00.57:401][  0]LogPackFactory: Copied "../../../Samples/StarterContent/Content/StarterContent/Audio/Starter_Birds01.uasset" to "../../../../../../GIT/fs2ue/fs2ue/Content/StarterContent/Audio/Starter_Birds01.uasset"
[2017.05.14-14.00.57:525][  0]LogPackFactory: Copied "../../../Samples/StarterContent/Content/StarterContent/Audio/Starter_Music01.uasset" to "../../../../../../GIT/fs2ue/fs2ue/Content/StarterContent/Audio/Starter_Music01.uasset"
[2017.05.14-14.00.57:679][  0]LogPackFactory: Copied "../../../Samples/StarterContent/Content/StarterContent/Audio/Starter_Music_Cue.uasset" to "../../../../../../GIT/fs2ue/fs2ue/Content/StarterContent/Audio/Starter_Music_Cue.uasset"
[2017.05.14-14.00.57:756][  0]LogPackFactory: Copied "../../../Samples/StarterContent/Content/StarterContent/Audio/Starter_Wind05.uasset" to "../../../../../../GIT/fs2ue/fs2ue/Content/StarterContent/Audio/Starter_Wind05.uasset"
[2017.05.14-14.00.57:803][  0]LogPackFactory: Copied "../../../Samples/StarterContent/Content/StarterContent/Audio/Starter_Wind06.uasset" to "../../../../../../GIT/fs2ue/fs2ue/Content/StarterContent/Audio/Starter_Wind06.uasset"
[2017.05.14-14.00.57:893][  0]LogPackFactory: Copied "../../../Samples/StarterContent/Content/StarterContent/Audio/Steam01.uasset" to "../../../../../../GIT/fs2ue/fs2ue/Content/StarterContent/Audio/Steam01.uasset"
[2017.05.14-14.00.57:912][  0]LogPackFactory: Copied "../../../Samples/StarterContent/Content/StarterContent/Audio/Steam01_Cue.uasset" to "../../../../../../GIT/fs2ue/fs2ue/Content/StarterContent/Audio/Steam01_Cue.uasset"
[2017.05.14-14.00.57:999][  0]LogPackFactory: Copied "../../../Samples/StarterContent/Content/StarterContent/Blueprints/Blueprint_CeilingLight.uasset" to "../../../../../../GIT/fs2ue/fs2ue/Content/StarterContent/Blueprints/Blueprint_CeilingLight.uasset"
[2017.05.14-14.00.58:065][  0]LogPackFactory: Copied "../../../Samples/StarterContent/Content/StarterContent/Blueprints/Blueprint_Effect_Explosion.uasset" to "../../../../../../GIT/fs2ue/fs2ue/Content/StarterContent/Blueprints/Blueprint_Effect_Explosion.uasset"
[2017.05.14-14.00.58:091][  0]LogPackFactory: Copied "../../../Samples/StarterContent/Content/StarterContent/Blueprints/Blueprint_Effect_Fire.uasset" to "../../../../../../GIT/fs2ue/fs2ue/Content/StarterContent/Blueprints/Blueprint_Effect_Fire.uasset"
[2017.05.14-14.00.58:108][  0]LogPackFactory: Copied "../../../Samples/StarterContent/Content/StarterContent/Blueprints/Blueprint_Effect_Smoke.uasset" to "../../../../../../GIT/fs2ue/fs2ue/Content/StarterContent/Blueprints/Blueprint_Effect_Smoke.uasset"
[2017.05.14-14.00.58:124][  0]LogPackFactory: Copied "../../../Samples/StarterContent/Content/StarterContent/Blueprints/Blueprint_Effect_Sparks.uasset" to "../../../../../../GIT/fs2ue/fs2ue/Content/StarterContent/Blueprints/Blueprint_Effect_Sparks.uasset"
[2017.05.14-14.00.58:145][  0]LogPackFactory: Copied "../../../Samples/StarterContent/Content/StarterContent/Blueprints/Blueprint_Effect_Steam.uasset" to "../../../../../../GIT/fs2ue/fs2ue/Content/StarterContent/Blueprints/Blueprint_Effect_Steam.uasset"
[2017.05.14-14.00.58:208][  0]LogPackFactory: Copied "../../../Samples/StarterContent/Content/StarterContent/Blueprints/Blueprint_WallSconce.uasset" to "../../../../../../GIT/fs2ue/fs2ue/Content/StarterContent/Blueprints/Blueprint_WallSconce.uasset"
[2017.05.14-14.00.58:256][  0]LogPackFactory: Copied "../../../Samples/StarterContent/Content/StarterContent/Blueprints/BP_LightStudio.uasset" to "../../../../../../GIT/fs2ue/fs2ue/Content/StarterContent/Blueprints/BP_LightStudio.uasset"
[2017.05.14-14.00.58:308][  0]LogPackFactory: Copied "../../../Samples/StarterContent/Content/StarterContent/Blueprints/Assets/FogBrightnessLUT.uasset" to "../../../../../../GIT/fs2ue/fs2ue/Content/StarterContent/Blueprints/Assets/FogBrightnessLUT.uasset"
[2017.05.14-14.00.58:328][  0]LogPackFactory: Copied "../../../Samples/StarterContent/Content/StarterContent/Blueprints/Assets/M_LightStage_Arrows.uasset" to "../../../../../../GIT/fs2ue/fs2ue/Content/StarterContent/Blueprints/Assets/M_LightStage_Arrows.uasset"
[2017.05.14-14.00.58:393][  0]LogPackFactory: Copied "../../../Samples/StarterContent/Content/StarterContent/Blueprints/Assets/M_LightStage_Skybox_Black.uasset" to "../../../../../../GIT/fs2ue/fs2ue/Content/StarterContent/Blueprints/Assets/M_LightStage_Skybox_Black.uasset"
[2017.05.14-14.00.58:441][  0]LogPackFactory: Copied "../../../Samples/StarterContent/Content/StarterContent/Blueprints/Assets/M_LightStage_Skybox_HDRI.uasset" to "../../../../../../GIT/fs2ue/fs2ue/Content/StarterContent/Blueprints/Assets/M_LightStage_Skybox_HDRI.uasset"
[2017.05.14-14.00.58:465][  0]LogPackFactory: Copied "../../../Samples/StarterContent/Content/StarterContent/Blueprints/Assets/M_LightStage_Skybox_Master.uasset" to "../../../../../../GIT/fs2ue/fs2ue/Content/StarterContent/Blueprints/Assets/M_LightStage_Skybox_Master.uasset"
[2017.05.14-14.00.58:510][  0]LogPackFactory: Copied "../../../Samples/StarterContent/Content/StarterContent/Blueprints/Assets/Skybox.uasset" to "../../../../../../GIT/fs2ue/fs2ue/Content/StarterContent/Blueprints/Assets/Skybox.uasset"
[2017.05.14-14.00.58:581][  0]LogPackFactory: Copied "../../../Samples/StarterContent/Content/StarterContent/Blueprints/Assets/SM_Arrows.uasset" to "../../../../../../GIT/fs2ue/fs2ue/Content/StarterContent/Blueprints/Assets/SM_Arrows.uasset"
[2017.05.14-14.00.58:584][  0]LogPackFactory: Copied "../../../Samples/StarterContent/Content/StarterContent/Blueprints/Assets/SunlightColorLUT.uasset" to "../../../../../../GIT/fs2ue/fs2ue/Content/StarterContent/Blueprints/Assets/SunlightColorLUT.uasset"
[2017.05.14-14.01.11:714][  0]LogPackFactory: Copied "../../../Samples/StarterContent/Content/StarterContent/HDRI/HDRI_Epic_Courtyard_Daylight.uasset" to "../../../../../../GIT/fs2ue/fs2ue/Content/StarterContent/HDRI/HDRI_Epic_Courtyard_Daylight.uasset"
[2017.05.14-14.01.11:774][  0]LogPackFactory: Copied "../../../Samples/StarterContent/Content/StarterContent/Maps/Advanced_Lighting.umap" to "../../../../../../GIT/fs2ue/fs2ue/Content/StarterContent/Maps/Advanced_Lighting.umap"
[2017.05.14-14.01.11:808][  0]LogPackFactory: Copied "../../../Samples/StarterContent/Content/StarterContent/Maps/Advanced_Lighting_BuiltData.uasset" to "../../../../../../GIT/fs2ue/fs2ue/Content/StarterContent/Maps/Advanced_Lighting_BuiltData.uasset"
[2017.05.14-14.01.11:860][  0]LogPackFactory: Copied "../../../Samples/StarterContent/Content/StarterContent/Maps/Minimal_Default.umap" to "../../../../../../GIT/fs2ue/fs2ue/Content/StarterContent/Maps/Minimal_Default.umap"
[2017.05.14-14.01.11:898][  0]LogPackFactory: Copied "../../../Samples/StarterContent/Content/StarterContent/Maps/Minimal_Default_BuiltData.uasset" to "../../../../../../GIT/fs2ue/fs2ue/Content/StarterContent/Maps/Minimal_Default_BuiltData.uasset"
[2017.05.14-14.01.12:000][  0]LogPackFactory: Copied "../../../Samples/StarterContent/Content/StarterContent/Maps/StarterMap.umap" to "../../../../../../GIT/fs2ue/fs2ue/Content/StarterContent/Maps/StarterMap.umap"
[2017.05.14-14.01.12:112][  0]LogPackFactory: Copied "../../../Samples/StarterContent/Content/StarterContent/Maps/StarterMap_BuiltData.uasset" to "../../../../../../GIT/fs2ue/fs2ue/Content/StarterContent/Maps/StarterMap_BuiltData.uasset"
[2017.05.14-14.01.12:189][  0]LogPackFactory: Copied "../../../Samples/StarterContent/Content/StarterContent/Materials/M_AssetPlatform.uasset" to "../../../../../../GIT/fs2ue/fs2ue/Content/StarterContent/Materials/M_AssetPlatform.uasset"
[2017.05.14-14.01.12:223][  0]LogPackFactory: Copied "../../../Samples/StarterContent/Content/StarterContent/Materials/M_Basic_Floor.uasset" to "../../../../../../GIT/fs2ue/fs2ue/Content/StarterContent/Materials/M_Basic_Floor.uasset"
[2017.05.14-14.01.12:260][  0]LogPackFactory: Copied "../../../Samples/StarterContent/Content/StarterContent/Materials/M_Basic_Wall.uasset" to "../../../../../../GIT/fs2ue/fs2ue/Content/StarterContent/Materials/M_Basic_Wall.uasset"
[2017.05.14-14.01.12:310][  0]LogPackFactory: Copied "../../../Samples/StarterContent/Content/StarterContent/Materials/M_Brick_Clay_Beveled.uasset" to "../../../../../../GIT/fs2ue/fs2ue/Content/StarterContent/Materials/M_Brick_Clay_Beveled.uasset"
[2017.05.14-14.01.12:347][  0]LogPackFactory: Copied "../../../Samples/StarterContent/Content/StarterContent/Materials/M_Brick_Clay_New.uasset" to "../../../../../../GIT/fs2ue/fs2ue/Content/StarterContent/Materials/M_Brick_Clay_New.uasset"
[2017.05.14-14.01.12:432][  0]LogPackFactory: Copied "../../../Samples/StarterContent/Content/StarterContent/Materials/M_Brick_Clay_Old.uasset" to "../../../../../../GIT/fs2ue/fs2ue/Content/StarterContent/Materials/M_Brick_Clay_Old.uasset"
[2017.05.14-14.01.13:126][  0]LogPackFactory: Copied "../../../Samples/StarterContent/Content/StarterContent/Materials/M_Brick_Cut_Stone.uasset" to "../../../../../../GIT/fs2ue/fs2ue/Content/StarterContent/Materials/M_Brick_Cut_Stone.uasset"
[2017.05.14-14.01.13:162][  0]LogPackFactory: Copied "../../../Samples/StarterContent/Content/StarterContent/Materials/M_Brick_Hewn_Stone.uasset" to "../../../../../../GIT/fs2ue/fs2ue/Content/StarterContent/Materials/M_Brick_Hewn_Stone.uasset"
[2017.05.14-14.01.13:201][  0]LogPackFactory: Copied "../../../Samples/StarterContent/Content/StarterContent/Materials/M_Ceramic_Tile_Checker.uasset" to "../../../../../../GIT/fs2ue/fs2ue/Content/StarterContent/Materials/M_Ceramic_Tile_Checker.uasset"
[2017.05.14-14.01.13:260][  0]LogPackFactory: Copied "../../../Samples/StarterContent/Content/StarterContent/Materials/M_CobbleStone_Pebble.uasset" to "../../../../../../GIT/fs2ue/fs2ue/Content/StarterContent/Materials/M_CobbleStone_Pebble.uasset"
[2017.05.14-14.01.13:308][  0]LogPackFactory: Copied "../../../Samples/StarterContent/Content/StarterContent/Materials/M_CobbleStone_Rough.uasset" to "../../../../../../GIT/fs2ue/fs2ue/Content/StarterContent/Materials/M_CobbleStone_Rough.uasset"
[2017.05.14-14.01.13:342][  0]LogPackFactory: Copied "../../../Samples/StarterContent/Content/StarterContent/Materials/M_CobbleStone_Smooth.uasset" to "../../../../../../GIT/fs2ue/fs2ue/Content/StarterContent/Materials/M_CobbleStone_Smooth.uasset"
[2017.05.14-14.01.13:377][  0]LogPackFactory: Copied "../../../Samples/StarterContent/Content/StarterContent/Materials/M_ColorGrid_LowSpec.uasset" to "../../../../../../GIT/fs2ue/fs2ue/Content/StarterContent/Materials/M_ColorGrid_LowSpec.uasset"
[2017.05.14-14.01.13:401][  0]LogPackFactory: Copied "../../../Samples/StarterContent/Content/StarterContent/Materials/M_Concrete_Grime.uasset" to "../../../../../../GIT/fs2ue/fs2ue/Content/StarterContent/Materials/M_Concrete_Grime.uasset"
[2017.05.14-14.01.13:436][  0]LogPackFactory: Copied "../../../Samples/StarterContent/Content/StarterContent/Materials/M_Concrete_Panels.uasset" to "../../../../../../GIT/fs2ue/fs2ue/Content/StarterContent/Materials/M_Concrete_Panels.uasset"
[2017.05.14-14.01.13:493][  0]LogPackFactory: Copied "../../../Samples/StarterContent/Content/StarterContent/Materials/M_Concrete_Poured.uasset" to "../../../../../../GIT/fs2ue/fs2ue/Content/StarterContent/Materials/M_Concrete_Poured.uasset"
[2017.05.14-14.01.13:519][  0]LogPackFactory: Copied "../../../Samples/StarterContent/Content/StarterContent/Materials/M_Concrete_Tiles.uasset" to "../../../../../../GIT/fs2ue/fs2ue/Content/StarterContent/Materials/M_Concrete_Tiles.uasset"
[2017.05.14-14.01.13:594][  0]LogPackFactory: Copied "../../../Samples/StarterContent/Content/StarterContent/Materials/M_Glass.uasset" to "../../../../../../GIT/fs2ue/fs2ue/Content/StarterContent/Materials/M_Glass.uasset"
[2017.05.14-14.01.13:620][  0]LogPackFactory: Copied "../../../Samples/StarterContent/Content/StarterContent/Materials/M_Ground_Grass.uasset" to "../../../../../../GIT/fs2ue/fs2ue/Content/StarterContent/Materials/M_Ground_Grass.uasset"
[2017.05.14-14.01.13:672][  0]LogPackFactory: Copied "../../../Samples/StarterContent/Content/StarterContent/Materials/M_Ground_Gravel.uasset" to "../../../../../../GIT/fs2ue/fs2ue/Content/StarterContent/Materials/M_Ground_Gravel.uasset"
[2017.05.14-14.01.13:746][  0]LogPackFactory: Copied "../../../Samples/StarterContent/Content/StarterContent/Materials/M_Ground_Moss.uasset" to "../../../../../../GIT/fs2ue/fs2ue/Content/StarterContent/Materials/M_Ground_Moss.uasset"
[2017.05.14-14.01.13:788][  0]LogPackFactory: Copied "../../../Samples/StarterContent/Content/StarterContent/Materials/M_Metal_Brushed_Nickel.uasset" to "../../../../../../GIT/fs2ue/fs2ue/Content/StarterContent/Materials/M_Metal_Brushed_Nickel.uasset"
[2017.05.14-14.01.13:851][  0]LogPackFactory: Copied "../../../Samples/StarterContent/Content/StarterContent/Materials/M_Metal_Burnished_Steel.uasset" to "../../../../../../GIT/fs2ue/fs2ue/Content/StarterContent/Materials/M_Metal_Burnished_Steel.uasset"
[2017.05.14-14.01.13:877][  0]LogPackFactory: Copied "../../../Samples/StarterContent/Content/StarterContent/Materials/M_Metal_Chrome.uasset" to "../../../../../../GIT/fs2ue/fs2ue/Content/StarterContent/Materials/M_Metal_Chrome.uasset"
[2017.05.14-14.01.13:905][  0]LogPackFactory: Copied "../../../Samples/StarterContent/Content/StarterContent/Materials/M_Metal_Copper.uasset" to "../../../../../../GIT/fs2ue/fs2ue/Content/StarterContent/Materials/M_Metal_Copper.uasset"
[2017.05.14-14.01.13:933][  0]LogPackFactory: Copied "../../../Samples/StarterContent/Content/StarterContent/Materials/M_Metal_Gold.uasset" to "../../../../../../GIT/fs2ue/fs2ue/Content/StarterContent/Materials/M_Metal_Gold.uasset"
[2017.05.14-14.01.14:142][  0]LogPackFactory: Copied "../../../Samples/StarterContent/Content/StarterContent/Materials/M_Metal_Rust.uasset" to "../../../../../../GIT/fs2ue/fs2ue/Content/StarterContent/Materials/M_Metal_Rust.uasset"
[2017.05.14-14.01.14:202][  0]LogPackFactory: Copied "../../../Samples/StarterContent/Content/StarterContent/Materials/M_Metal_Steel.uasset" to "../../../../../../GIT/fs2ue/fs2ue/Content/StarterContent/Materials/M_Metal_Steel.uasset"
[2017.05.14-14.01.14:241][  0]LogPackFactory: Copied "../../../Samples/StarterContent/Content/StarterContent/Materials/M_Rock_Basalt.uasset" to "../../../../../../GIT/fs2ue/fs2ue/Content/StarterContent/Materials/M_Rock_Basalt.uasset"
[2017.05.14-14.01.14:285][  0]LogPackFactory: Copied "../../../Samples/StarterContent/Content/StarterContent/Materials/M_Rock_Marble_Polished.uasset" to "../../../../../../GIT/fs2ue/fs2ue/Content/StarterContent/Materials/M_Rock_Marble_Polished.uasset"
[2017.05.14-14.01.14:344][  0]LogPackFactory: Copied "../../../Samples/StarterContent/Content/StarterContent/Materials/M_Rock_Sandstone.uasset" to "../../../../../../GIT/fs2ue/fs2ue/Content/StarterContent/Materials/M_Rock_Sandstone.uasset"
[2017.05.14-14.01.14:371][  0]LogPackFactory: Copied "../../../Samples/StarterContent/Content/StarterContent/Materials/M_Rock_Slate.uasset" to "../../../../../../GIT/fs2ue/fs2ue/Content/StarterContent/Materials/M_Rock_Slate.uasset"
[2017.05.14-14.01.14:421][  0]LogPackFactory: Copied "../../../Samples/StarterContent/Content/StarterContent/Materials/M_Tech_Checker_Dot.uasset" to "../../../../../../GIT/fs2ue/fs2ue/Content/StarterContent/Materials/M_Tech_Checker_Dot.uasset"
[2017.05.14-14.01.14:444][  0]LogPackFactory: Copied "../../../Samples/StarterContent/Content/StarterContent/Materials/M_Tech_Hex_Tile.uasset" to "../../../../../../GIT/fs2ue/fs2ue/Content/StarterContent/Materials/M_Tech_Hex_Tile.uasset"
[2017.05.14-14.01.14:474][  0]LogPackFactory: Copied "../../../Samples/StarterContent/Content/StarterContent/Materials/M_Tech_Hex_Tile_Pulse.uasset" to "../../../../../../GIT/fs2ue/fs2ue/Content/StarterContent/Materials/M_Tech_Hex_Tile_Pulse.uasset"
[2017.05.14-14.01.14:504][  0]LogPackFactory: Copied "../../../Samples/StarterContent/Content/StarterContent/Materials/M_Tech_Panel.uasset" to "../../../../../../GIT/fs2ue/fs2ue/Content/StarterContent/Materials/M_Tech_Panel.uasset"
[2017.05.14-14.01.14:550][  0]LogPackFactory: Copied "../../../Samples/StarterContent/Content/StarterContent/Materials/M_Water_Lake.uasset" to "../../../../../../GIT/fs2ue/fs2ue/Content/StarterContent/Materials/M_Water_Lake.uasset"
[2017.05.14-14.01.14:579][  0]LogPackFactory: Copied "../../../Samples/StarterContent/Content/StarterContent/Materials/M_Water_Ocean.uasset" to "../../../../../../GIT/fs2ue/fs2ue/Content/StarterContent/Materials/M_Water_Ocean.uasset"
[2017.05.14-14.01.14:596][  0]LogPackFactory: Copied "../../../Samples/StarterContent/Content/StarterContent/Materials/M_Wood_Floor_Walnut_Polished.uasset" to "../../../../../../GIT/fs2ue/fs2ue/Content/StarterContent/Materials/M_Wood_Floor_Walnut_Polished.uasset"
[2017.05.14-14.01.14:615][  0]LogPackFactory: Copied "../../../Samples/StarterContent/Content/StarterContent/Materials/M_Wood_Floor_Walnut_Worn.uasset" to "../../../../../../GIT/fs2ue/fs2ue/Content/StarterContent/Materials/M_Wood_Floor_Walnut_Worn.uasset"
[2017.05.14-14.01.14:641][  0]LogPackFactory: Copied "../../../Samples/StarterContent/Content/StarterContent/Materials/M_Wood_Oak.uasset" to "../../../../../../GIT/fs2ue/fs2ue/Content/StarterContent/Materials/M_Wood_Oak.uasset"
[2017.05.14-14.01.14:666][  0]LogPackFactory: Copied "../../../Samples/StarterContent/Content/StarterContent/Materials/M_Wood_Pine.uasset" to "../../../../../../GIT/fs2ue/fs2ue/Content/StarterContent/Materials/M_Wood_Pine.uasset"
[2017.05.14-14.01.14:688][  0]LogPackFactory: Copied "../../../Samples/StarterContent/Content/StarterContent/Materials/M_Wood_Walnut.uasset" to "../../../../../../GIT/fs2ue/fs2ue/Content/StarterContent/Materials/M_Wood_Walnut.uasset"
[2017.05.14-14.01.14:706][  0]LogPackFactory: Copied "../../../Samples/StarterContent/Content/StarterContent/Particles/P_Ambient_Dust.uasset" to "../../../../../../GIT/fs2ue/fs2ue/Content/StarterContent/Particles/P_Ambient_Dust.uasset"
[2017.05.14-14.01.14:735][  0]LogPackFactory: Copied "../../../Samples/StarterContent/Content/StarterContent/Particles/P_Explosion.uasset" to "../../../../../../GIT/fs2ue/fs2ue/Content/StarterContent/Particles/P_Explosion.uasset"
[2017.05.14-14.01.14:770][  0]LogPackFactory: Copied "../../../Samples/StarterContent/Content/StarterContent/Particles/P_Fire.uasset" to "../../../../../../GIT/fs2ue/fs2ue/Content/StarterContent/Particles/P_Fire.uasset"
[2017.05.14-14.01.14:793][  0]LogPackFactory: Copied "../../../Samples/StarterContent/Content/StarterContent/Particles/P_Smoke.uasset" to "../../../../../../GIT/fs2ue/fs2ue/Content/StarterContent/Particles/P_Smoke.uasset"
[2017.05.14-14.01.14:834][  0]LogPackFactory: Copied "../../../Samples/StarterContent/Content/StarterContent/Particles/P_Sparks.uasset" to "../../../../../../GIT/fs2ue/fs2ue/Content/StarterContent/Particles/P_Sparks.uasset"
[2017.05.14-14.01.14:861][  0]LogPackFactory: Copied "../../../Samples/StarterContent/Content/StarterContent/Particles/P_Steam_Lit.uasset" to "../../../../../../GIT/fs2ue/fs2ue/Content/StarterContent/Particles/P_Steam_Lit.uasset"
[2017.05.14-14.01.14:892][  0]LogPackFactory: Copied "../../../Samples/StarterContent/Content/StarterContent/Particles/Materials/M_Burst.uasset" to "../../../../../../GIT/fs2ue/fs2ue/Content/StarterContent/Particles/Materials/M_Burst.uasset"
[2017.05.14-14.01.14:918][  0]LogPackFactory: Copied "../../../Samples/StarterContent/Content/StarterContent/Particles/Materials/M_Dust_Particle.uasset" to "../../../../../../GIT/fs2ue/fs2ue/Content/StarterContent/Particles/Materials/M_Dust_Particle.uasset"
[2017.05.14-14.01.14:965][  0]LogPackFactory: Copied "../../../Samples/StarterContent/Content/StarterContent/Particles/Materials/M_explosion_subUV.uasset" to "../../../../../../GIT/fs2ue/fs2ue/Content/StarterContent/Particles/Materials/M_explosion_subUV.uasset"
[2017.05.14-14.01.14:992][  0]LogPackFactory: Copied "../../../Samples/StarterContent/Content/StarterContent/Particles/Materials/M_Fire_SubUV.uasset" to "../../../../../../GIT/fs2ue/fs2ue/Content/StarterContent/Particles/Materials/M_Fire_SubUV.uasset"
[2017.05.14-14.01.15:019][  0]LogPackFactory: Copied "../../../Samples/StarterContent/Content/StarterContent/Particles/Materials/m_flare_01.uasset" to "../../../../../../GIT/fs2ue/fs2ue/Content/StarterContent/Particles/Materials/m_flare_01.uasset"
[2017.05.14-14.01.15:074][  0]LogPackFactory: Copied "../../../Samples/StarterContent/Content/StarterContent/Particles/Materials/M_Heat_Distortion.uasset" to "../../../../../../GIT/fs2ue/fs2ue/Content/StarterContent/Particles/Materials/M_Heat_Distortion.uasset"
[2017.05.14-14.01.15:103][  0]LogPackFactory: Copied "../../../Samples/StarterContent/Content/StarterContent/Particles/Materials/M_Radial_Gradient.uasset" to "../../../../../../GIT/fs2ue/fs2ue/Content/StarterContent/Particles/Materials/M_Radial_Gradient.uasset"
[2017.05.14-14.01.15:148][  0]LogPackFactory: Copied "../../../Samples/StarterContent/Content/StarterContent/Particles/Materials/M_radial_ramp.uasset" to "../../../../../../GIT/fs2ue/fs2ue/Content/StarterContent/Particles/Materials/M_radial_ramp.uasset"
[2017.05.14-14.01.15:182][  0]LogPackFactory: Copied "../../../Samples/StarterContent/Content/StarterContent/Particles/Materials/M_smoke_subUV.uasset" to "../../../../../../GIT/fs2ue/fs2ue/Content/StarterContent/Particles/Materials/M_smoke_subUV.uasset"
[2017.05.14-14.01.15:206][  0]LogPackFactory: Copied "../../../Samples/StarterContent/Content/StarterContent/Particles/Materials/M_Spark.uasset" to "../../../../../../GIT/fs2ue/fs2ue/Content/StarterContent/Particles/Materials/M_Spark.uasset"
[2017.05.14-14.01.15:241][  0]LogPackFactory: Copied "../../../Samples/StarterContent/Content/StarterContent/Props/MaterialSphere.uasset" to "../../../../../../GIT/fs2ue/fs2ue/Content/StarterContent/Props/MaterialSphere.uasset"
[2017.05.14-14.01.15:267][  0]LogPackFactory: Copied "../../../Samples/StarterContent/Content/StarterContent/Props/SM_Bush.uasset" to "../../../../../../GIT/fs2ue/fs2ue/Content/StarterContent/Props/SM_Bush.uasset"
[2017.05.14-14.01.15:295][  0]LogPackFactory: Copied "../../../Samples/StarterContent/Content/StarterContent/Props/SM_Chair.uasset" to "../../../../../../GIT/fs2ue/fs2ue/Content/StarterContent/Props/SM_Chair.uasset"
[2017.05.14-14.01.15:369][  0]LogPackFactory: Copied "../../../Samples/StarterContent/Content/StarterContent/Props/SM_CornerFrame.uasset" to "../../../../../../GIT/fs2ue/fs2ue/Content/StarterContent/Props/SM_CornerFrame.uasset"
[2017.05.14-14.01.15:396][  0]LogPackFactory: Copied "../../../Samples/StarterContent/Content/StarterContent/Props/SM_Couch.uasset" to "../../../../../../GIT/fs2ue/fs2ue/Content/StarterContent/Props/SM_Couch.uasset"
[2017.05.14-14.01.15:421][  0]LogPackFactory: Copied "../../../Samples/StarterContent/Content/StarterContent/Props/SM_Door.uasset" to "../../../../../../GIT/fs2ue/fs2ue/Content/StarterContent/Props/SM_Door.uasset"
[2017.05.14-14.01.15:484][  0]LogPackFactory: Copied "../../../Samples/StarterContent/Content/StarterContent/Props/SM_DoorFrame.uasset" to "../../../../../../GIT/fs2ue/fs2ue/Content/StarterContent/Props/SM_DoorFrame.uasset"
[2017.05.14-14.01.15:519][  0]LogPackFactory: Copied "../../../Samples/StarterContent/Content/StarterContent/Props/SM_GlassWindow.uasset" to "../../../../../../GIT/fs2ue/fs2ue/Content/StarterContent/Props/SM_GlassWindow.uasset"
[2017.05.14-14.01.15:540][  0]LogPackFactory: Copied "../../../Samples/StarterContent/Content/StarterContent/Props/SM_Lamp_Ceiling.uasset" to "../../../../../../GIT/fs2ue/fs2ue/Content/StarterContent/Props/SM_Lamp_Ceiling.uasset"
[2017.05.14-14.01.15:551][  0]LogPackFactory: Copied "../../../Samples/StarterContent/Content/StarterContent/Props/SM_Lamp_Wall.uasset" to "../../../../../../GIT/fs2ue/fs2ue/Content/StarterContent/Props/SM_Lamp_Wall.uasset"
[2017.05.14-14.01.15:839][  0]LogPackFactory: Copied "../../../Samples/StarterContent/Content/StarterContent/Props/SM_MatPreviewMesh_02.uasset" to "../../../../../../GIT/fs2ue/fs2ue/Content/StarterContent/Props/SM_MatPreviewMesh_02.uasset"
[2017.05.14-14.01.15:846][  0]LogPackFactory: Copied "../../../Samples/StarterContent/Content/StarterContent/Props/SM_PillarFrame.uasset" to "../../../../../../GIT/fs2ue/fs2ue/Content/StarterContent/Props/SM_PillarFrame.uasset"
[2017.05.14-14.01.15:872][  0]LogPackFactory: Copied "../../../Samples/StarterContent/Content/StarterContent/Props/SM_PillarFrame300.uasset" to "../../../../../../GIT/fs2ue/fs2ue/Content/StarterContent/Props/SM_PillarFrame300.uasset"
[2017.05.14-14.01.15:892][  0]LogPackFactory: Copied "../../../Samples/StarterContent/Content/StarterContent/Props/SM_Rock.uasset" to "../../../../../../GIT/fs2ue/fs2ue/Content/StarterContent/Props/SM_Rock.uasset"
[2017.05.14-14.01.15:928][  0]LogPackFactory: Copied "../../../Samples/StarterContent/Content/StarterContent/Props/SM_Shelf.uasset" to "../../../../../../GIT/fs2ue/fs2ue/Content/StarterContent/Props/SM_Shelf.uasset"
[2017.05.14-14.01.15:955][  0]LogPackFactory: Copied "../../../Samples/StarterContent/Content/StarterContent/Props/SM_Stairs.uasset" to "../../../../../../GIT/fs2ue/fs2ue/Content/StarterContent/Props/SM_Stairs.uasset"
[2017.05.14-14.01.15:979][  0]LogPackFactory: Copied "../../../Samples/StarterContent/Content/StarterContent/Props/SM_Statue.uasset" to "../../../../../../GIT/fs2ue/fs2ue/Content/StarterContent/Props/SM_Statue.uasset"
[2017.05.14-14.01.16:013][  0]LogPackFactory: Copied "../../../Samples/StarterContent/Content/StarterContent/Props/SM_TableRound.uasset" to "../../../../../../GIT/fs2ue/fs2ue/Content/StarterContent/Props/SM_TableRound.uasset"
[2017.05.14-14.01.16:038][  0]LogPackFactory: Copied "../../../Samples/StarterContent/Content/StarterContent/Props/SM_WindowFrame.uasset" to "../../../../../../GIT/fs2ue/fs2ue/Content/StarterContent/Props/SM_WindowFrame.uasset"
[2017.05.14-14.01.16:117][  0]LogPackFactory: Copied "../../../Samples/StarterContent/Content/StarterContent/Props/Materials/M_Bush.uasset" to "../../../../../../GIT/fs2ue/fs2ue/Content/StarterContent/Props/Materials/M_Bush.uasset"
[2017.05.14-14.01.16:147][  0]LogPackFactory: Copied "../../../Samples/StarterContent/Content/StarterContent/Props/Materials/M_Chair.uasset" to "../../../../../../GIT/fs2ue/fs2ue/Content/StarterContent/Props/Materials/M_Chair.uasset"
[2017.05.14-14.01.16:201][  0]LogPackFactory: Copied "../../../Samples/StarterContent/Content/StarterContent/Props/Materials/M_Door.uasset" to "../../../../../../GIT/fs2ue/fs2ue/Content/StarterContent/Props/Materials/M_Door.uasset"
[2017.05.14-14.01.16:249][  0]LogPackFactory: Copied "../../../Samples/StarterContent/Content/StarterContent/Props/Materials/M_Frame.uasset" to "../../../../../../GIT/fs2ue/fs2ue/Content/StarterContent/Props/Materials/M_Frame.uasset"
[2017.05.14-14.01.16:311][  0]LogPackFactory: Copied "../../../Samples/StarterContent/Content/StarterContent/Props/Materials/M_Lamp.uasset" to "../../../../../../GIT/fs2ue/fs2ue/Content/StarterContent/Props/Materials/M_Lamp.uasset"
[2017.05.14-14.01.16:357][  0]LogPackFactory: Copied "../../../Samples/StarterContent/Content/StarterContent/Props/Materials/M_MaterialSphere.uasset" to "../../../../../../GIT/fs2ue/fs2ue/Content/StarterContent/Props/Materials/M_MaterialSphere.uasset"
[2017.05.14-14.01.16:382][  0]LogPackFactory: Copied "../../../Samples/StarterContent/Content/StarterContent/Props/Materials/M_MaterialSphere_Plain.uasset" to "../../../../../../GIT/fs2ue/fs2ue/Content/StarterContent/Props/Materials/M_MaterialSphere_Plain.uasset"
[2017.05.14-14.01.16:435][  0]LogPackFactory: Copied "../../../Samples/StarterContent/Content/StarterContent/Props/Materials/M_Rock.uasset" to "../../../../../../GIT/fs2ue/fs2ue/Content/StarterContent/Props/Materials/M_Rock.uasset"
[2017.05.14-14.01.16:465][  0]LogPackFactory: Copied "../../../Samples/StarterContent/Content/StarterContent/Props/Materials/M_Shelf.uasset" to "../../../../../../GIT/fs2ue/fs2ue/Content/StarterContent/Props/Materials/M_Shelf.uasset"
[2017.05.14-14.01.16:480][  0]LogPackFactory: Copied "../../../Samples/StarterContent/Content/StarterContent/Props/Materials/M_Statue.uasset" to "../../../../../../GIT/fs2ue/fs2ue/Content/StarterContent/Props/Materials/M_Statue.uasset"
[2017.05.14-14.01.16:507][  0]LogPackFactory: Copied "../../../Samples/StarterContent/Content/StarterContent/Props/Materials/M_StatueGlass.uasset" to "../../../../../../GIT/fs2ue/fs2ue/Content/StarterContent/Props/Materials/M_StatueGlass.uasset"
[2017.05.14-14.01.16:548][  0]LogPackFactory: Copied "../../../Samples/StarterContent/Content/StarterContent/Props/Materials/M_TableRound.uasset" to "../../../../../../GIT/fs2ue/fs2ue/Content/StarterContent/Props/Materials/M_TableRound.uasset"
[2017.05.14-14.01.16:554][  0]LogPackFactory: Copied "../../../Samples/StarterContent/Content/StarterContent/Shapes/Shape_Cone.uasset" to "../../../../../../GIT/fs2ue/fs2ue/Content/StarterContent/Shapes/Shape_Cone.uasset"
[2017.05.14-14.01.16:569][  0]LogPackFactory: Copied "../../../Samples/StarterContent/Content/StarterContent/Shapes/Shape_Cube.uasset" to "../../../../../../GIT/fs2ue/fs2ue/Content/StarterContent/Shapes/Shape_Cube.uasset"
[2017.05.14-14.01.16:576][  0]LogPackFactory: Copied "../../../Samples/StarterContent/Content/StarterContent/Shapes/Shape_Cylinder.uasset" to "../../../../../../GIT/fs2ue/fs2ue/Content/StarterContent/Shapes/Shape_Cylinder.uasset"
[2017.05.14-14.01.16:598][  0]LogPackFactory: Copied "../../../Samples/StarterContent/Content/StarterContent/Shapes/Shape_NarrowCapsule.uasset" to "../../../../../../GIT/fs2ue/fs2ue/Content/StarterContent/Shapes/Shape_NarrowCapsule.uasset"
[2017.05.14-14.01.16:623][  0]LogPackFactory: Copied "../../../Samples/StarterContent/Content/StarterContent/Shapes/Shape_Pipe.uasset" to "../../../../../../GIT/fs2ue/fs2ue/Content/StarterContent/Shapes/Shape_Pipe.uasset"
[2017.05.14-14.01.16:644][  0]LogPackFactory: Copied "../../../Samples/StarterContent/Content/StarterContent/Shapes/Shape_Pipe_180.uasset" to "../../../../../../GIT/fs2ue/fs2ue/Content/StarterContent/Shapes/Shape_Pipe_180.uasset"
[2017.05.14-14.01.16:690][  0]LogPackFactory: Copied "../../../Samples/StarterContent/Content/StarterContent/Shapes/Shape_Pipe_90.uasset" to "../../../../../../GIT/fs2ue/fs2ue/Content/StarterContent/Shapes/Shape_Pipe_90.uasset"
[2017.05.14-14.01.16:728][  0]LogPackFactory: Copied "../../../Samples/StarterContent/Content/StarterContent/Shapes/Shape_Plane.uasset" to "../../../../../../GIT/fs2ue/fs2ue/Content/StarterContent/Shapes/Shape_Plane.uasset"
[2017.05.14-14.01.16:734][  0]LogPackFactory: Copied "../../../Samples/StarterContent/Content/StarterContent/Shapes/Shape_QuadPyramid.uasset" to "../../../../../../GIT/fs2ue/fs2ue/Content/StarterContent/Shapes/Shape_QuadPyramid.uasset"
[2017.05.14-14.01.16:755][  0]LogPackFactory: Copied "../../../Samples/StarterContent/Content/StarterContent/Shapes/Shape_Sphere.uasset" to "../../../../../../GIT/fs2ue/fs2ue/Content/StarterContent/Shapes/Shape_Sphere.uasset"
[2017.05.14-14.01.16:799][  0]LogPackFactory: Copied "../../../Samples/StarterContent/Content/StarterContent/Shapes/Shape_Torus.uasset" to "../../../../../../GIT/fs2ue/fs2ue/Content/StarterContent/Shapes/Shape_Torus.uasset"
[2017.05.14-14.01.16:855][  0]LogPackFactory: Copied "../../../Samples/StarterContent/Content/StarterContent/Shapes/Shape_Trim.uasset" to "../../../../../../GIT/fs2ue/fs2ue/Content/StarterContent/Shapes/Shape_Trim.uasset"
[2017.05.14-14.01.16:904][  0]LogPackFactory: Copied "../../../Samples/StarterContent/Content/StarterContent/Shapes/Shape_Trim_90_In.uasset" to "../../../../../../GIT/fs2ue/fs2ue/Content/StarterContent/Shapes/Shape_Trim_90_In.uasset"
[2017.05.14-14.01.16:927][  0]LogPackFactory: Copied "../../../Samples/StarterContent/Content/StarterContent/Shapes/Shape_Trim_90_Out.uasset" to "../../../../../../GIT/fs2ue/fs2ue/Content/StarterContent/Shapes/Shape_Trim_90_Out.uasset"
[2017.05.14-14.01.16:933][  0]LogPackFactory: Copied "../../../Samples/StarterContent/Content/StarterContent/Shapes/Shape_TriPyramid.uasset" to "../../../../../../GIT/fs2ue/fs2ue/Content/StarterContent/Shapes/Shape_TriPyramid.uasset"
[2017.05.14-14.01.16:982][  0]LogPackFactory: Copied "../../../Samples/StarterContent/Content/StarterContent/Shapes/Shape_Tube.uasset" to "../../../../../../GIT/fs2ue/fs2ue/Content/StarterContent/Shapes/Shape_Tube.uasset"
[2017.05.14-14.01.17:003][  0]LogPackFactory: Copied "../../../Samples/StarterContent/Content/StarterContent/Shapes/Shape_Wedge_A.uasset" to "../../../../../../GIT/fs2ue/fs2ue/Content/StarterContent/Shapes/Shape_Wedge_A.uasset"
[2017.05.14-14.01.17:031][  0]LogPackFactory: Copied "../../../Samples/StarterContent/Content/StarterContent/Shapes/Shape_Wedge_B.uasset" to "../../../../../../GIT/fs2ue/fs2ue/Content/StarterContent/Shapes/Shape_Wedge_B.uasset"
[2017.05.14-14.01.17:058][  0]LogPackFactory: Copied "../../../Samples/StarterContent/Content/StarterContent/Shapes/Shape_WideCapsule.uasset" to "../../../../../../GIT/fs2ue/fs2ue/Content/StarterContent/Shapes/Shape_WideCapsule.uasset"
[2017.05.14-14.01.17:122][  0]LogPackFactory: Copied "../../../Samples/StarterContent/Content/StarterContent/Textures/T_Brick_Clay_Beveled_D.uasset" to "../../../../../../GIT/fs2ue/fs2ue/Content/StarterContent/Textures/T_Brick_Clay_Beveled_D.uasset"
[2017.05.14-14.01.17:220][  0]LogPackFactory: Copied "../../../Samples/StarterContent/Content/StarterContent/Textures/T_Brick_Clay_Beveled_M.uasset" to "../../../../../../GIT/fs2ue/fs2ue/Content/StarterContent/Textures/T_Brick_Clay_Beveled_M.uasset"
[2017.05.14-14.01.17:288][  0]LogPackFactory: Copied "../../../Samples/StarterContent/Content/StarterContent/Textures/T_Brick_Clay_Beveled_N.uasset" to "../../../../../../GIT/fs2ue/fs2ue/Content/StarterContent/Textures/T_Brick_Clay_Beveled_N.uasset"
[2017.05.14-14.01.17:426][  0]LogPackFactory: Copied "../../../Samples/StarterContent/Content/StarterContent/Textures/T_Brick_Clay_New_D.uasset" to "../../../../../../GIT/fs2ue/fs2ue/Content/StarterContent/Textures/T_Brick_Clay_New_D.uasset"
[2017.05.14-14.01.17:563][  0]LogPackFactory: Copied "../../../Samples/StarterContent/Content/StarterContent/Textures/T_Brick_Clay_New_M.uasset" to "../../../../../../GIT/fs2ue/fs2ue/Content/StarterContent/Textures/T_Brick_Clay_New_M.uasset"
[2017.05.14-14.01.17:702][  0]LogPackFactory: Copied "../../../Samples/StarterContent/Content/StarterContent/Textures/T_Brick_Clay_New_N.uasset" to "../../../../../../GIT/fs2ue/fs2ue/Content/StarterContent/Textures/T_Brick_Clay_New_N.uasset"
[2017.05.14-14.01.17:900][  0]LogPackFactory: Copied "../../../Samples/StarterContent/Content/StarterContent/Textures/T_Brick_Clay_Old_D.uasset" to "../../../../../../GIT/fs2ue/fs2ue/Content/StarterContent/Textures/T_Brick_Clay_Old_D.uasset"
[2017.05.14-14.01.18:078][  0]LogPackFactory: Copied "../../../Samples/StarterContent/Content/StarterContent/Textures/T_Brick_Clay_Old_N.uasset" to "../../../../../../GIT/fs2ue/fs2ue/Content/StarterContent/Textures/T_Brick_Clay_Old_N.uasset"
[2017.05.14-14.01.18:249][  0]LogPackFactory: Copied "../../../Samples/StarterContent/Content/StarterContent/Textures/T_Brick_Cut_Stone_D.uasset" to "../../../../../../GIT/fs2ue/fs2ue/Content/StarterContent/Textures/T_Brick_Cut_Stone_D.uasset"
[2017.05.14-14.01.18:327][  0]LogPackFactory: Copied "../../../Samples/StarterContent/Content/StarterContent/Textures/T_Brick_Cut_Stone_N.uasset" to "../../../../../../GIT/fs2ue/fs2ue/Content/StarterContent/Textures/T_Brick_Cut_Stone_N.uasset"
[2017.05.14-14.01.18:484][  0]LogPackFactory: Copied "../../../Samples/StarterContent/Content/StarterContent/Textures/T_Brick_Hewn_Stone_D.uasset" to "../../../../../../GIT/fs2ue/fs2ue/Content/StarterContent/Textures/T_Brick_Hewn_Stone_D.uasset"
[2017.05.14-14.01.18:625][  0]LogPackFactory: Copied "../../../Samples/StarterContent/Content/StarterContent/Textures/T_Brick_Hewn_Stone_M.uasset" to "../../../../../../GIT/fs2ue/fs2ue/Content/StarterContent/Textures/T_Brick_Hewn_Stone_M.uasset"
[2017.05.14-14.01.18:730][  0]LogPackFactory: Copied "../../../Samples/StarterContent/Content/StarterContent/Textures/T_Brick_Hewn_Stone_N.uasset" to "../../../../../../GIT/fs2ue/fs2ue/Content/StarterContent/Textures/T_Brick_Hewn_Stone_N.uasset"
[2017.05.14-14.01.18:769][  0]LogPackFactory: Copied "../../../Samples/StarterContent/Content/StarterContent/Textures/T_Burst_M.uasset" to "../../../../../../GIT/fs2ue/fs2ue/Content/StarterContent/Textures/T_Burst_M.uasset"
[2017.05.14-14.01.18:831][  0]LogPackFactory: Copied "../../../Samples/StarterContent/Content/StarterContent/Textures/T_Bush_D.uasset" to "../../../../../../GIT/fs2ue/fs2ue/Content/StarterContent/Textures/T_Bush_D.uasset"
[2017.05.14-14.01.18:878][  0]LogPackFactory: Copied "../../../Samples/StarterContent/Content/StarterContent/Textures/T_Bush_N.uasset" to "../../../../../../GIT/fs2ue/fs2ue/Content/StarterContent/Textures/T_Bush_N.uasset"
[2017.05.14-14.01.18:909][  0]LogPackFactory: Copied "../../../Samples/StarterContent/Content/StarterContent/Textures/T_Ceramic_Tile_M.uasset" to "../../../../../../GIT/fs2ue/fs2ue/Content/StarterContent/Textures/T_Ceramic_Tile_M.uasset"
[2017.05.14-14.01.19:019][  0]LogPackFactory: Copied "../../../Samples/StarterContent/Content/StarterContent/Textures/T_Ceramic_Tile_N.uasset" to "../../../../../../GIT/fs2ue/fs2ue/Content/StarterContent/Textures/T_Ceramic_Tile_N.uasset"
[2017.05.14-14.01.19:056][  0]LogPackFactory: Copied "../../../Samples/StarterContent/Content/StarterContent/Textures/T_Chair_M.uasset" to "../../../../../../GIT/fs2ue/fs2ue/Content/StarterContent/Textures/T_Chair_M.uasset"
[2017.05.14-14.01.19:092][  0]LogPackFactory: Copied "../../../Samples/StarterContent/Content/StarterContent/Textures/T_Chair_N.uasset" to "../../../../../../GIT/fs2ue/fs2ue/Content/StarterContent/Textures/T_Chair_N.uasset"
[2017.05.14-14.01.19:118][  0]LogPackFactory: Copied "../../../Samples/StarterContent/Content/StarterContent/Textures/T_Checker_Noise_M.uasset" to "../../../../../../GIT/fs2ue/fs2ue/Content/StarterContent/Textures/T_Checker_Noise_M.uasset"
[2017.05.14-14.01.19:288][  0]LogPackFactory: Copied "../../../Samples/StarterContent/Content/StarterContent/Textures/T_CobbleStone_Pebble_D.uasset" to "../../../../../../GIT/fs2ue/fs2ue/Content/StarterContent/Textures/T_CobbleStone_Pebble_D.uasset"
[2017.05.14-14.01.19:310][  0]LogPackFactory: Copied "../../../Samples/StarterContent/Content/StarterContent/Textures/T_CobbleStone_Pebble_M.uasset" to "../../../../../../GIT/fs2ue/fs2ue/Content/StarterContent/Textures/T_CobbleStone_Pebble_M.uasset"
[2017.05.14-14.01.19:704][  0]LogPackFactory: Copied "../../../Samples/StarterContent/Content/StarterContent/Textures/T_CobbleStone_Pebble_N.uasset" to "../../../../../../GIT/fs2ue/fs2ue/Content/StarterContent/Textures/T_CobbleStone_Pebble_N.uasset"
[2017.05.14-14.01.19:748][  0]LogPackFactory: Copied "../../../Samples/StarterContent/Content/StarterContent/Textures/T_CobbleStone_Rough_D.uasset" to "../../../../../../GIT/fs2ue/fs2ue/Content/StarterContent/Textures/T_CobbleStone_Rough_D.uasset"
[2017.05.14-14.01.19:834][  0]LogPackFactory: Copied "../../../Samples/StarterContent/Content/StarterContent/Textures/T_CobbleStone_Rough_N.uasset" to "../../../../../../GIT/fs2ue/fs2ue/Content/StarterContent/Textures/T_CobbleStone_Rough_N.uasset"
[2017.05.14-14.01.19:917][  0]LogPackFactory: Copied "../../../Samples/StarterContent/Content/StarterContent/Textures/T_CobbleStone_Smooth_D.uasset" to "../../../../../../GIT/fs2ue/fs2ue/Content/StarterContent/Textures/T_CobbleStone_Smooth_D.uasset"
[2017.05.14-14.01.19:986][  0]LogPackFactory: Copied "../../../Samples/StarterContent/Content/StarterContent/Textures/T_CobbleStone_Smooth_M.uasset" to "../../../../../../GIT/fs2ue/fs2ue/Content/StarterContent/Textures/T_CobbleStone_Smooth_M.uasset"
[2017.05.14-14.01.20:123][  0]LogPackFactory: Copied "../../../Samples/StarterContent/Content/StarterContent/Textures/T_CobbleStone_Smooth_N.uasset" to "../../../../../../GIT/fs2ue/fs2ue/Content/StarterContent/Textures/T_CobbleStone_Smooth_N.uasset"
[2017.05.14-14.01.20:232][  0]LogPackFactory: Copied "../../../Samples/StarterContent/Content/StarterContent/Textures/T_Concrete_Grime_D.uasset" to "../../../../../../GIT/fs2ue/fs2ue/Content/StarterContent/Textures/T_Concrete_Grime_D.uasset"
[2017.05.14-14.01.20:301][  0]LogPackFactory: Copied "../../../Samples/StarterContent/Content/StarterContent/Textures/T_Concrete_Panels_D.uasset" to "../../../../../../GIT/fs2ue/fs2ue/Content/StarterContent/Textures/T_Concrete_Panels_D.uasset"
[2017.05.14-14.01.20:409][  0]LogPackFactory: Copied "../../../Samples/StarterContent/Content/StarterContent/Textures/T_Concrete_Panels_N.uasset" to "../../../../../../GIT/fs2ue/fs2ue/Content/StarterContent/Textures/T_Concrete_Panels_N.uasset"
[2017.05.14-14.01.20:515][  0]LogPackFactory: Copied "../../../Samples/StarterContent/Content/StarterContent/Textures/T_Concrete_Poured_D.uasset" to "../../../../../../GIT/fs2ue/fs2ue/Content/StarterContent/Textures/T_Concrete_Poured_D.uasset"
[2017.05.14-14.01.20:627][  0]LogPackFactory: Copied "../../../Samples/StarterContent/Content/StarterContent/Textures/T_Concrete_Poured_N.uasset" to "../../../../../../GIT/fs2ue/fs2ue/Content/StarterContent/Textures/T_Concrete_Poured_N.uasset"
[2017.05.14-14.01.21:003][  0]LogPackFactory: Copied "../../../Samples/StarterContent/Content/StarterContent/Textures/T_Concrete_Tiles_D.uasset" to "../../../../../../GIT/fs2ue/fs2ue/Content/StarterContent/Textures/T_Concrete_Tiles_D.uasset"
[2017.05.14-14.01.21:218][  0]LogPackFactory: Copied "../../../Samples/StarterContent/Content/StarterContent/Textures/T_Concrete_Tiles_M.uasset" to "../../../../../../GIT/fs2ue/fs2ue/Content/StarterContent/Textures/T_Concrete_Tiles_M.uasset"
[2017.05.14-14.01.21:939][  0]LogPackFactory: Copied "../../../Samples/StarterContent/Content/StarterContent/Textures/T_Concrete_Tiles_N.uasset" to "../../../../../../GIT/fs2ue/fs2ue/Content/StarterContent/Textures/T_Concrete_Tiles_N.uasset"
[2017.05.14-14.01.21:956][  0]LogPackFactory: Copied "../../../Samples/StarterContent/Content/StarterContent/Textures/T_Concrete_Tiles_Variation_M.uasset" to "../../../../../../GIT/fs2ue/fs2ue/Content/StarterContent/Textures/T_Concrete_Tiles_Variation_M.uasset"
[2017.05.14-14.01.22:005][  0]LogPackFactory: Copied "../../../Samples/StarterContent/Content/StarterContent/Textures/T_Detail_Rocky_N.uasset" to "../../../../../../GIT/fs2ue/fs2ue/Content/StarterContent/Textures/T_Detail_Rocky_N.uasset"
[2017.05.14-14.01.22:035][  0]LogPackFactory: Copied "../../../Samples/StarterContent/Content/StarterContent/Textures/T_Door_M.uasset" to "../../../../../../GIT/fs2ue/fs2ue/Content/StarterContent/Textures/T_Door_M.uasset"
[2017.05.14-14.01.22:061][  0]LogPackFactory: Copied "../../../Samples/StarterContent/Content/StarterContent/Textures/T_Door_N.uasset" to "../../../../../../GIT/fs2ue/fs2ue/Content/StarterContent/Textures/T_Door_N.uasset"
[2017.05.14-14.01.22:126][  0]LogPackFactory: Copied "../../../Samples/StarterContent/Content/StarterContent/Textures/T_Dust_Particle_D.uasset" to "../../../../../../GIT/fs2ue/fs2ue/Content/StarterContent/Textures/T_Dust_Particle_D.uasset"
[2017.05.14-14.01.22:309][  0]LogPackFactory: Copied "../../../Samples/StarterContent/Content/StarterContent/Textures/T_Explosion_SubUV.uasset" to "../../../../../../GIT/fs2ue/fs2ue/Content/StarterContent/Textures/T_Explosion_SubUV.uasset"
[2017.05.14-14.01.22:550][  0]LogPackFactory: Copied "../../../Samples/StarterContent/Content/StarterContent/Textures/T_Fire_SubUV.uasset" to "../../../../../../GIT/fs2ue/fs2ue/Content/StarterContent/Textures/T_Fire_SubUV.uasset"
[2017.05.14-14.01.22:749][  0]LogPackFactory: Copied "../../../Samples/StarterContent/Content/StarterContent/Textures/T_Fire_Tiled_D.uasset" to "../../../../../../GIT/fs2ue/fs2ue/Content/StarterContent/Textures/T_Fire_Tiled_D.uasset"
[2017.05.14-14.01.23:068][  0]LogPackFactory: Copied "../../../Samples/StarterContent/Content/StarterContent/Textures/T_Frame_M.uasset" to "../../../../../../GIT/fs2ue/fs2ue/Content/StarterContent/Textures/T_Frame_M.uasset"
[2017.05.14-14.01.23:331][  0]LogPackFactory: Copied "../../../Samples/StarterContent/Content/StarterContent/Textures/T_Frame_N.uasset" to "../../../../../../GIT/fs2ue/fs2ue/Content/StarterContent/Textures/T_Frame_N.uasset"
[2017.05.14-14.01.23:378][  0]LogPackFactory: Copied "../../../Samples/StarterContent/Content/StarterContent/Textures/T_Gradinet_01.uasset" to "../../../../../../GIT/fs2ue/fs2ue/Content/StarterContent/Textures/T_Gradinet_01.uasset"
[2017.05.14-14.01.23:519][  0]LogPackFactory: Copied "../../../Samples/StarterContent/Content/StarterContent/Textures/T_Ground_Grass_D.uasset" to "../../../../../../GIT/fs2ue/fs2ue/Content/StarterContent/Textures/T_Ground_Grass_D.uasset"
[2017.05.14-14.01.23:692][  0]LogPackFactory: Copied "../../../Samples/StarterContent/Content/StarterContent/Textures/T_Ground_Grass_N.uasset" to "../../../../../../GIT/fs2ue/fs2ue/Content/StarterContent/Textures/T_Ground_Grass_N.uasset"
[2017.05.14-14.01.23:823][  0]LogPackFactory: Copied "../../../Samples/StarterContent/Content/StarterContent/Textures/T_Ground_Gravel_D.uasset" to "../../../../../../GIT/fs2ue/fs2ue/Content/StarterContent/Textures/T_Ground_Gravel_D.uasset"
[2017.05.14-14.01.23:932][  0]LogPackFactory: Copied "../../../Samples/StarterContent/Content/StarterContent/Textures/T_Ground_Gravel_N.uasset" to "../../../../../../GIT/fs2ue/fs2ue/Content/StarterContent/Textures/T_Ground_Gravel_N.uasset"
[2017.05.14-14.01.24:124][  0]LogPackFactory: Copied "../../../Samples/StarterContent/Content/StarterContent/Textures/T_ground_Moss_D.uasset" to "../../../../../../GIT/fs2ue/fs2ue/Content/StarterContent/Textures/T_ground_Moss_D.uasset"
[2017.05.14-14.01.24:341][  0]LogPackFactory: Copied "../../../Samples/StarterContent/Content/StarterContent/Textures/T_Ground_Moss_N.uasset" to "../../../../../../GIT/fs2ue/fs2ue/Content/StarterContent/Textures/T_Ground_Moss_N.uasset"
[2017.05.14-14.01.24:632][  0]LogPackFactory: Copied "../../../Samples/StarterContent/Content/StarterContent/Textures/T_Lamp_M.uasset" to "../../../../../../GIT/fs2ue/fs2ue/Content/StarterContent/Textures/T_Lamp_M.uasset"
[2017.05.14-14.01.24:675][  0]LogPackFactory: Copied "../../../Samples/StarterContent/Content/StarterContent/Textures/T_Lamp_N.uasset" to "../../../../../../GIT/fs2ue/fs2ue/Content/StarterContent/Textures/T_Lamp_N.uasset"
[2017.05.14-14.01.24:845][  0]LogPackFactory: Copied "../../../Samples/StarterContent/Content/StarterContent/Textures/T_MacroVariation.uasset" to "../../../../../../GIT/fs2ue/fs2ue/Content/StarterContent/Textures/T_MacroVariation.uasset"
[2017.05.14-14.01.24:995][  0]LogPackFactory: Copied "../../../Samples/StarterContent/Content/StarterContent/Textures/T_Metal_Aluminum_D.uasset" to "../../../../../../GIT/fs2ue/fs2ue/Content/StarterContent/Textures/T_Metal_Aluminum_D.uasset"
[2017.05.14-14.01.25:072][  0]LogPackFactory: Copied "../../../Samples/StarterContent/Content/StarterContent/Textures/T_Metal_Copper_D.uasset" to "../../../../../../GIT/fs2ue/fs2ue/Content/StarterContent/Textures/T_Metal_Copper_D.uasset"
[2017.05.14-14.01.25:176][  0]LogPackFactory: Copied "../../../Samples/StarterContent/Content/StarterContent/Textures/T_Metal_Gold_D.uasset" to "../../../../../../GIT/fs2ue/fs2ue/Content/StarterContent/Textures/T_Metal_Gold_D.uasset"
[2017.05.14-14.01.25:255][  0]LogPackFactory: Copied "../../../Samples/StarterContent/Content/StarterContent/Textures/T_Metal_Gold_N.uasset" to "../../../../../../GIT/fs2ue/fs2ue/Content/StarterContent/Textures/T_Metal_Gold_N.uasset"
[2017.05.14-14.01.25:341][  0]LogPackFactory: Copied "../../../Samples/StarterContent/Content/StarterContent/Textures/T_Metal_Rust_D.uasset" to "../../../../../../GIT/fs2ue/fs2ue/Content/StarterContent/Textures/T_Metal_Rust_D.uasset"
[2017.05.14-14.01.25:445][  0]LogPackFactory: Copied "../../../Samples/StarterContent/Content/StarterContent/Textures/T_Metal_Rust_N.uasset" to "../../../../../../GIT/fs2ue/fs2ue/Content/StarterContent/Textures/T_Metal_Rust_N.uasset"
[2017.05.14-14.01.25:484][  0]LogPackFactory: Copied "../../../Samples/StarterContent/Content/StarterContent/Textures/T_Metal_Steel_D.uasset" to "../../../../../../GIT/fs2ue/fs2ue/Content/StarterContent/Textures/T_Metal_Steel_D.uasset"
[2017.05.14-14.01.25:560][  0]LogPackFactory: Copied "../../../Samples/StarterContent/Content/StarterContent/Textures/T_Metal_Steel_N.uasset" to "../../../../../../GIT/fs2ue/fs2ue/Content/StarterContent/Textures/T_Metal_Steel_N.uasset"
[2017.05.14-14.01.25:824][  0]LogPackFactory: Copied "../../../Samples/StarterContent/Content/StarterContent/Textures/T_Perlin_Noise_M.uasset" to "../../../../../../GIT/fs2ue/fs2ue/Content/StarterContent/Textures/T_Perlin_Noise_M.uasset"
[2017.05.14-14.01.26:024][  0]LogPackFactory: Copied "../../../Samples/StarterContent/Content/StarterContent/Textures/T_RockMesh_M.uasset" to "../../../../../../GIT/fs2ue/fs2ue/Content/StarterContent/Textures/T_RockMesh_M.uasset"
[2017.05.14-14.01.26:076][  0]LogPackFactory: Copied "../../../Samples/StarterContent/Content/StarterContent/Textures/T_RockMesh_N.uasset" to "../../../../../../GIT/fs2ue/fs2ue/Content/StarterContent/Textures/T_RockMesh_N.uasset"
[2017.05.14-14.01.26:341][  0]LogPackFactory: Copied "../../../Samples/StarterContent/Content/StarterContent/Textures/T_Rock_Basalt_D.uasset" to "../../../../../../GIT/fs2ue/fs2ue/Content/StarterContent/Textures/T_Rock_Basalt_D.uasset"
[2017.05.14-14.01.26:900][  0]LogPackFactory: Copied "../../../Samples/StarterContent/Content/StarterContent/Textures/T_Rock_Basalt_N.uasset" to "../../../../../../GIT/fs2ue/fs2ue/Content/StarterContent/Textures/T_Rock_Basalt_N.uasset"
[2017.05.14-14.01.26:978][  0]LogPackFactory: Copied "../../../Samples/StarterContent/Content/StarterContent/Textures/T_Rock_Marble_Polished_D.uasset" to "../../../../../../GIT/fs2ue/fs2ue/Content/StarterContent/Textures/T_Rock_Marble_Polished_D.uasset"
[2017.05.14-14.01.27:073][  0]LogPackFactory: Copied "../../../Samples/StarterContent/Content/StarterContent/Textures/T_Rock_Sandstone_D.uasset" to "../../../../../../GIT/fs2ue/fs2ue/Content/StarterContent/Textures/T_Rock_Sandstone_D.uasset"
[2017.05.14-14.01.27:205][  0]LogPackFactory: Copied "../../../Samples/StarterContent/Content/StarterContent/Textures/T_Rock_Sandstone_N.uasset" to "../../../../../../GIT/fs2ue/fs2ue/Content/StarterContent/Textures/T_Rock_Sandstone_N.uasset"
[2017.05.14-14.01.27:393][  0]LogPackFactory: Copied "../../../Samples/StarterContent/Content/StarterContent/Textures/T_Rock_Slate_D.uasset" to "../../../../../../GIT/fs2ue/fs2ue/Content/StarterContent/Textures/T_Rock_Slate_D.uasset"
[2017.05.14-14.01.27:464][  0]LogPackFactory: Copied "../../../Samples/StarterContent/Content/StarterContent/Textures/T_Rock_Slate_N.uasset" to "../../../../../../GIT/fs2ue/fs2ue/Content/StarterContent/Textures/T_Rock_Slate_N.uasset"
[2017.05.14-14.01.27:591][  0]LogPackFactory: Copied "../../../Samples/StarterContent/Content/StarterContent/Textures/T_Rock_Smooth_Granite_D.uasset" to "../../../../../../GIT/fs2ue/fs2ue/Content/StarterContent/Textures/T_Rock_Smooth_Granite_D.uasset"
[2017.05.14-14.01.27:641][  0]LogPackFactory: Copied "../../../Samples/StarterContent/Content/StarterContent/Textures/T_Shelf_M.uasset" to "../../../../../../GIT/fs2ue/fs2ue/Content/StarterContent/Textures/T_Shelf_M.uasset"
[2017.05.14-14.01.27:961][  0]LogPackFactory: Copied "../../../Samples/StarterContent/Content/StarterContent/Textures/T_Shelf_N.uasset" to "../../../../../../GIT/fs2ue/fs2ue/Content/StarterContent/Textures/T_Shelf_N.uasset"
[2017.05.14-14.01.28:266][  0]LogPackFactory: Copied "../../../Samples/StarterContent/Content/StarterContent/Textures/T_Single_Tile_N.uasset" to "../../../../../../GIT/fs2ue/fs2ue/Content/StarterContent/Textures/T_Single_Tile_N.uasset"
[2017.05.14-14.01.28:315][  0]LogPackFactory: Copied "../../../Samples/StarterContent/Content/StarterContent/Textures/T_Smoke_SubUV.uasset" to "../../../../../../GIT/fs2ue/fs2ue/Content/StarterContent/Textures/T_Smoke_SubUV.uasset"
[2017.05.14-14.01.28:378][  0]LogPackFactory: Copied "../../../Samples/StarterContent/Content/StarterContent/Textures/T_Smoke_Tiled_D.uasset" to "../../../../../../GIT/fs2ue/fs2ue/Content/StarterContent/Textures/T_Smoke_Tiled_D.uasset"
[2017.05.14-14.01.28:662][  0]LogPackFactory: Copied "../../../Samples/StarterContent/Content/StarterContent/Textures/T_Spark_Core.uasset" to "../../../../../../GIT/fs2ue/fs2ue/Content/StarterContent/Textures/T_Spark_Core.uasset"
[2017.05.14-14.01.28:782][  0]LogPackFactory: Copied "../../../Samples/StarterContent/Content/StarterContent/Textures/T_Statue_M.uasset" to "../../../../../../GIT/fs2ue/fs2ue/Content/StarterContent/Textures/T_Statue_M.uasset"
[2017.05.14-14.01.28:925][  0]LogPackFactory: Copied "../../../Samples/StarterContent/Content/StarterContent/Textures/T_Statue_N.uasset" to "../../../../../../GIT/fs2ue/fs2ue/Content/StarterContent/Textures/T_Statue_N.uasset"
[2017.05.14-14.01.28:960][  0]LogPackFactory: Copied "../../../Samples/StarterContent/Content/StarterContent/Textures/T_TableRound_M.uasset" to "../../../../../../GIT/fs2ue/fs2ue/Content/StarterContent/Textures/T_TableRound_M.uasset"
[2017.05.14-14.01.29:088][  0]LogPackFactory: Copied "../../../Samples/StarterContent/Content/StarterContent/Textures/T_TableRound_N.uasset" to "../../../../../../GIT/fs2ue/fs2ue/Content/StarterContent/Textures/T_TableRound_N.uasset"
[2017.05.14-14.01.29:313][  0]LogPackFactory: Copied "../../../Samples/StarterContent/Content/StarterContent/Textures/T_Tech_Dot_M.uasset" to "../../../../../../GIT/fs2ue/fs2ue/Content/StarterContent/Textures/T_Tech_Dot_M.uasset"
[2017.05.14-14.01.29:400][  0]LogPackFactory: Copied "../../../Samples/StarterContent/Content/StarterContent/Textures/T_Tech_Dot_N.uasset" to "../../../../../../GIT/fs2ue/fs2ue/Content/StarterContent/Textures/T_Tech_Dot_N.uasset"
[2017.05.14-14.01.29:601][  0]LogPackFactory: Copied "../../../Samples/StarterContent/Content/StarterContent/Textures/T_Tech_Hex_Tile_M.uasset" to "../../../../../../GIT/fs2ue/fs2ue/Content/StarterContent/Textures/T_Tech_Hex_Tile_M.uasset"
[2017.05.14-14.01.30:021][  0]LogPackFactory: Copied "../../../Samples/StarterContent/Content/StarterContent/Textures/T_Tech_Hex_Tile_N.uasset" to "../../../../../../GIT/fs2ue/fs2ue/Content/StarterContent/Textures/T_Tech_Hex_Tile_N.uasset"
[2017.05.14-14.01.30:239][  0]LogPackFactory: Copied "../../../Samples/StarterContent/Content/StarterContent/Textures/T_Tech_Panel_M.uasset" to "../../../../../../GIT/fs2ue/fs2ue/Content/StarterContent/Textures/T_Tech_Panel_M.uasset"
[2017.05.14-14.01.30:267][  0]LogPackFactory: Copied "../../../Samples/StarterContent/Content/StarterContent/Textures/T_Tech_Panel_N.uasset" to "../../../../../../GIT/fs2ue/fs2ue/Content/StarterContent/Textures/T_Tech_Panel_N.uasset"
[2017.05.14-14.01.30:302][  0]LogPackFactory: Copied "../../../Samples/StarterContent/Content/StarterContent/Textures/T_Water_M.uasset" to "../../../../../../GIT/fs2ue/fs2ue/Content/StarterContent/Textures/T_Water_M.uasset"
[2017.05.14-14.01.30:482][  0]LogPackFactory: Copied "../../../Samples/StarterContent/Content/StarterContent/Textures/T_Water_N.uasset" to "../../../../../../GIT/fs2ue/fs2ue/Content/StarterContent/Textures/T_Water_N.uasset"
[2017.05.14-14.01.30:971][  0]LogPackFactory: Copied "../../../Samples/StarterContent/Content/StarterContent/Textures/T_Wood_Floor_Walnut_D.uasset" to "../../../../../../GIT/fs2ue/fs2ue/Content/StarterContent/Textures/T_Wood_Floor_Walnut_D.uasset"
[2017.05.14-14.01.31:050][  0]LogPackFactory: Copied "../../../Samples/StarterContent/Content/StarterContent/Textures/T_Wood_Floor_Walnut_M.uasset" to "../../../../../../GIT/fs2ue/fs2ue/Content/StarterContent/Textures/T_Wood_Floor_Walnut_M.uasset"
[2017.05.14-14.01.31:099][  0]LogPackFactory: Copied "../../../Samples/StarterContent/Content/StarterContent/Textures/T_Wood_Floor_Walnut_N.uasset" to "../../../../../../GIT/fs2ue/fs2ue/Content/StarterContent/Textures/T_Wood_Floor_Walnut_N.uasset"
[2017.05.14-14.01.31:192][  0]LogPackFactory: Copied "../../../Samples/StarterContent/Content/StarterContent/Textures/T_Wood_Oak_D.uasset" to "../../../../../../GIT/fs2ue/fs2ue/Content/StarterContent/Textures/T_Wood_Oak_D.uasset"
[2017.05.14-14.01.31:251][  0]LogPackFactory: Copied "../../../Samples/StarterContent/Content/StarterContent/Textures/T_Wood_Oak_N.uasset" to "../../../../../../GIT/fs2ue/fs2ue/Content/StarterContent/Textures/T_Wood_Oak_N.uasset"
[2017.05.14-14.01.31:356][  0]LogPackFactory: Copied "../../../Samples/StarterContent/Content/StarterContent/Textures/T_Wood_Pine_D.uasset" to "../../../../../../GIT/fs2ue/fs2ue/Content/StarterContent/Textures/T_Wood_Pine_D.uasset"
[2017.05.14-14.01.31:414][  0]LogPackFactory: Copied "../../../Samples/StarterContent/Content/StarterContent/Textures/T_Wood_Pine_N.uasset" to "../../../../../../GIT/fs2ue/fs2ue/Content/StarterContent/Textures/T_Wood_Pine_N.uasset"
[2017.05.14-14.01.31:508][  0]LogPackFactory: Copied "../../../Samples/StarterContent/Content/StarterContent/Textures/T_Wood_Walnut_D.uasset" to "../../../../../../GIT/fs2ue/fs2ue/Content/StarterContent/Textures/T_Wood_Walnut_D.uasset"
[2017.05.14-14.01.31:559][  0]LogPackFactory: Copied "../../../Samples/StarterContent/Content/StarterContent/Textures/T_Wood_Walnut_N.uasset" to "../../../../../../GIT/fs2ue/fs2ue/Content/StarterContent/Textures/T_Wood_Walnut_N.uasset"
[2017.05.14-14.01.32:997][  0]LogRenderer: Reallocating scene render targets to support 256x256 NumSamples 1 (Frame:2).
[2017.05.14-14.01.34:061][  0]Cmd: OBJ SAVEPACKAGE PACKAGE="/Game/StarterContent/Architecture/Floor_400x400" FILE="../../../../../../GIT/fs2ue/fs2ue/Content/StarterContent/Architecture/Floor_400x400.uasset" SILENT=true
[2017.05.14-14.01.34:412][  0]LogSavePackage: Save=304.05ms
[2017.05.14-14.01.34:412][  0]LogSavePackage: Moving '../../../../../../GIT/fs2ue/fs2ue/Saved/Floor_400x40084D38AA5409D0B74CE9FC699619027F5.tmp' to '../../../../../../GIT/fs2ue/fs2ue/Content/StarterContent/Architecture/Floor_400x400.uasset'
[2017.05.14-14.01.34:416][  0]LogSavePackage:Display: Finished SavePackage ../../../../../../GIT/fs2ue/fs2ue/Content/StarterContent/Architecture/Floor_400x400.uasset
[2017.05.14-14.01.34:416][  0]LogFeaturePack:Warning: Inserted 1 feature packs
[2017.05.14-14.01.34:419][  0]Cmd: MAP LOAD FILE="../../../../../../GIT/fs2ue/fs2ue/Content/StarterContent/Maps/Minimal_Default.umap" TEMPLATE=0 SHOWPROGRESS=1 FEATURELEVEL=3
[2017.05.14-14.01.34:420][  0]LightingResults: New page: Lighting Build
[2017.05.14-14.01.34:446][  0]MapCheck: New page: Map Check
[2017.05.14-14.01.34:446][  0]LightingResults: New page: Lighting Build
[2017.05.14-14.01.36:625][  0]LogAIModule: Creating AISystem for world Minimal_Default
[2017.05.14-14.01.37:383][  0]LogEditorServer: Finished looking for orphan Actors (0.000 secs)
[2017.05.14-14.01.37:412][  0]Cmd: MAP CHECKDEP NOCLEARLOG
[2017.05.14-14.01.37:440][  0]MapCheck: Info Map check complete: 0 Error(s), 0 Warning(s), took 28.202ms to complete.
[2017.05.14-14.01.37:440][  0]LogFileHelpers: Loading map 'Minimal_Default' took 3.021
[2017.05.14-14.01.40:351][  0]LogCollectionManager: Loaded 0 collections in 0.000636 seconds
[2017.05.14-14.01.40:886][  0]LogFileCache: Scanning file cache for directory 'D:/dev/GIT/fs2ue/fs2ue/Saved/Collections/' took 0.01s
[2017.05.14-14.01.40:886][  0]LogFileCache: Scanning file cache for directory 'D:/dev/GIT/fs2ue/fs2ue/Content/Developers/Tom/Collections/' took 0.01s
[2017.05.14-14.01.40:886][  0]LogFileCache: Scanning file cache for directory 'D:/dev/GIT/fs2ue/fs2ue/Content/Collections/' took 0.01s
[2017.05.14-14.01.40:886][  0]LogCollectionManager: Rebuilt the GUID cache for 0 collections in 0.000003 seconds
[2017.05.14-14.01.40:969][  0]LogContentBrowser: Native class hierarchy populated in 0.0135 seconds. Added 2245 classes and 453 folders.
[2017.05.14-14.01.41:293][  0]LogContentBrowser: Native class hierarchy updated for 'WidgetCarousel' in 0.0004 seconds. Added 0 classes and 0 folders.
[2017.05.14-14.01.43:809][  0]LogContentBrowser: Native class hierarchy updated for 'AddContentDialog' in 0.0005 seconds. Added 0 classes and 0 folders.
[2017.05.14-14.01.44:014][  0]LogContentBrowser: Native class hierarchy updated for 'SceneOutliner' in 0.0006 seconds. Added 1 classes and 2 folders.
[2017.05.14-14.01.45:644][  0]LogCrashTracker: Crashtracker disabled due to settings.
[2017.05.14-14.01.46:062][  0]LogUObjectGlobals:Warning: Failed to find object 'Class None.'
[2017.05.14-14.01.46:174][  0]LogContentBrowser: Native class hierarchy updated for 'HierarchicalLODOutliner' in 0.0005 seconds. Added 1 classes and 2 folders.
[2017.05.14-14.01.46:174][  0]LogLoad: (Engine Initialization) Total time: 62.96 seconds
[2017.05.14-14.01.46:174][  0]LogLoad: (Engine Initialization) Total Blueprint compile time: 0.07 seconds
[2017.05.14-14.01.46:174][  0]LogExternalProfiler: Found external profiler: VSPerf
[2017.05.14-14.01.46:174][  0]LogExternalProfiler: Using external profiler: VSPerf
[2017.05.14-14.01.46:514][  0]LogOcInput: OculusInput pre-init called
[2017.05.14-14.01.46:525][  0]LogOcInput: OculusInput is initialized. Init status 0. Runtime version: 1.14.0
[2017.05.14-14.01.47:167][  0]LogContentStreaming: Texture pool size now 1000 MB
[2017.05.14-14.01.47:224][  0]LogSlate: Took 0.000147 seconds to synchronously load lazily loaded font '../../../Engine/Content/Slate/Fonts/Roboto-Regular.ttf' (155K)
[2017.05.14-14.01.47:227][  0]LogSlate: Took 0.000235 seconds to synchronously load lazily loaded font '../../../Engine/Content/Slate/Fonts/Roboto-Bold.ttf' (160K)
[2017.05.14-14.01.47:389][  0]LogSlate: Took 0.035216 seconds to synchronously load lazily loaded font '../../../Engine/Content/Editor/Slate/Fonts/FontAwesome.ttf' (139K)
[2017.05.14-14.01.48:980][  0]LogRenderer: Reallocating scene render targets to support 912x556 NumSamples 1 (Frame:3).
[2017.05.14-14.01.48:980][  0]LogSlate: Took 0.000188 seconds to synchronously load lazily loaded font '../../../Engine/Content/Slate/Fonts/Roboto-Light.ttf' (159K)
[2017.05.14-14.01.52:542][ 11]LogAssetRegistry: Asset discovery search completed in 63.0441 seconds
[2017.05.14-14.01.52:542][ 11]LogCollectionManager: Rebuilt the object cache for 0 collections in 0.000007 seconds (found 0 objects)
[2017.05.14-14.01.52:542][ 11]LogCollectionManager: Fixed up redirectors for 0 collections in 0.000018 seconds (updated 0 objects)
[2017.05.14-14.02.22:351][237]LogEditorViewport: Clicking on Actor (context menu): StaticMeshActor (Floor)
[2017.05.14-14.02.32:984][238]LogEditorViewport: Clicking on Actor (LMB): StaticMeshActor (Floor)
